

Microchip MPLAB XC8 Assembler V2.41 build 20230208172133 
                                                                                               Sun Aug 20 22:18:51 2023

Microchip MPLAB XC8 C Compiler v2.41 (Free license) build 20230208172133 Og1 
     1                           	processor	16F887
     2                           	pagewidth 120
     3                           	opt	flic
     4                           	psect	cinit,global,class=CODE,merge=1,delta=2
     5                           	psect	bssCOMMON,global,class=COMMON,space=1,delta=1,noexec
     6                           	psect	bssBANK0,global,class=BANK0,space=1,delta=1,noexec
     7                           	psect	cstackCOMMON,global,class=COMMON,space=1,delta=1,noexec
     8                           	psect	cstackBANK0,global,class=BANK0,space=1,delta=1,noexec
     9                           	psect	maintext,global,class=CODE,split=1,delta=2
    10                           	psect	text1,local,class=CODE,merge=1,delta=2
    11                           	psect	text2,local,class=CODE,merge=1,delta=2
    12                           	psect	text3,local,class=CODE,merge=1,delta=2
    13                           	psect	text4,local,class=CODE,merge=1,delta=2
    14                           	psect	text5,local,class=CODE,merge=1,delta=2
    15                           	psect	intentry,global,class=CODE,delta=2
    16                           	psect	config,global,abs,ovrld,class=CONFIG,space=4,delta=2,noexec
    17                           	dabs	1,0x7E,2
    18     0000                     
    19                           ; Generated 22/03/2023 GMT
    20                           ; 
    21                           ; Copyright © 2023, Microchip Technology Inc. and its subsidiaries ("Microchip")
    22                           ; All rights reserved.
    23                           ; 
    24                           ; This software is developed by Microchip Technology Inc. and its subsidiaries ("Microch
      +                          ip").
    25                           ; 
    26                           ; Redistribution and use in source and binary forms, with or without modification, are
    27                           ; permitted provided that the following conditions are met:
    28                           ; 
    29                           ;     1. Redistributions of source code must retain the above copyright notice, this lis
      +                          t of
    30                           ;        conditions and the following disclaimer.
    31                           ; 
    32                           ;     2. Redistributions in binary form must reproduce the above copyright notice, this 
      +                          list
    33                           ;        of conditions and the following disclaimer in the documentation and/or other
    34                           ;        materials provided with the distribution. Publication is not required when
    35                           ;        this file is used in an embedded application.
    36                           ; 
    37                           ;     3. Microchip's name may not be used to endorse or promote products derived from th
      +                          is
    38                           ;        software without specific prior written permission.
    39                           ; 
    40                           ; THIS SOFTWARE IS PROVIDED BY MICROCHIP "AS IS" AND ANY EXPRESS OR IMPLIED WARRANTIES,
    41                           ; INCLUDING, BUT NOT LIMITED TO, THE IMPLIED WARRANTIES OF MERCHANTABILITY AND FITNESS F
      +                          OR
    42                           ; PURPOSE ARE DISCLAIMED.  IN NO EVENT SHALL MICROCHIP BE LIABLE FOR ANY DIRECT, INDIREC
      +                          T,
    43                           ; INCIDENTAL, SPECIAL, EXEMPLARY, OR CONSEQUENTIAL DAMAGES (INCLUDING BUT NOT LIMITED TO
    44                           ; PROCUREMENT OF SUBSTITUTE GOODS OR SERVICES; LOSS OF USE, DATA OR PROFITS; OR BUSINESS
    45                           ; INTERRUPTION) HOWSOEVER CAUSED AND ON ANY THEORY OF LIABILITY, WHETHER IN CONTRACT, ST
      +                          RICT
    46                           ; LIABILITY, OR TORT (INCLUDING NEGLIGENCE OR OTHERWISE) ARISING IN ANY WAY OUT OF THE U
      +                          SE OF
    47                           ; THIS SOFTWARE, EVEN IF ADVISED OF THE POSSIBILITY OF SUCH DAMAGE.
    48                           ; 
    49                           ; 
    50                           ; Code-generator required, PIC16F887 Definitions
    51                           ; 
    52                           ; SFR Addresses
    53     0000                     	;# 
    54     0001                     	;# 
    55     0002                     	;# 
    56     0003                     	;# 
    57     0004                     	;# 
    58     0005                     	;# 
    59     0006                     	;# 
    60     0007                     	;# 
    61     0008                     	;# 
    62     0009                     	;# 
    63     000A                     	;# 
    64     000B                     	;# 
    65     000C                     	;# 
    66     000D                     	;# 
    67     000E                     	;# 
    68     000E                     	;# 
    69     000F                     	;# 
    70     0010                     	;# 
    71     0011                     	;# 
    72     0012                     	;# 
    73     0013                     	;# 
    74     0014                     	;# 
    75     0015                     	;# 
    76     0015                     	;# 
    77     0016                     	;# 
    78     0017                     	;# 
    79     0018                     	;# 
    80     0019                     	;# 
    81     001A                     	;# 
    82     001B                     	;# 
    83     001B                     	;# 
    84     001C                     	;# 
    85     001D                     	;# 
    86     001E                     	;# 
    87     001F                     	;# 
    88     0081                     	;# 
    89     0085                     	;# 
    90     0086                     	;# 
    91     0087                     	;# 
    92     0088                     	;# 
    93     0089                     	;# 
    94     008C                     	;# 
    95     008D                     	;# 
    96     008E                     	;# 
    97     008F                     	;# 
    98     0090                     	;# 
    99     0091                     	;# 
   100     0092                     	;# 
   101     0093                     	;# 
   102     0093                     	;# 
   103     0093                     	;# 
   104     0094                     	;# 
   105     0095                     	;# 
   106     0096                     	;# 
   107     0097                     	;# 
   108     0098                     	;# 
   109     0099                     	;# 
   110     009A                     	;# 
   111     009B                     	;# 
   112     009C                     	;# 
   113     009D                     	;# 
   114     009E                     	;# 
   115     009F                     	;# 
   116     0105                     	;# 
   117     0107                     	;# 
   118     0108                     	;# 
   119     0109                     	;# 
   120     010C                     	;# 
   121     010C                     	;# 
   122     010D                     	;# 
   123     010E                     	;# 
   124     010F                     	;# 
   125     0185                     	;# 
   126     0187                     	;# 
   127     0188                     	;# 
   128     0189                     	;# 
   129     018C                     	;# 
   130     018D                     	;# 
   131     0000                     	;# 
   132     0001                     	;# 
   133     0002                     	;# 
   134     0003                     	;# 
   135     0004                     	;# 
   136     0005                     	;# 
   137     0006                     	;# 
   138     0007                     	;# 
   139     0008                     	;# 
   140     0009                     	;# 
   141     000A                     	;# 
   142     000B                     	;# 
   143     000C                     	;# 
   144     000D                     	;# 
   145     000E                     	;# 
   146     000E                     	;# 
   147     000F                     	;# 
   148     0010                     	;# 
   149     0011                     	;# 
   150     0012                     	;# 
   151     0013                     	;# 
   152     0014                     	;# 
   153     0015                     	;# 
   154     0015                     	;# 
   155     0016                     	;# 
   156     0017                     	;# 
   157     0018                     	;# 
   158     0019                     	;# 
   159     001A                     	;# 
   160     001B                     	;# 
   161     001B                     	;# 
   162     001C                     	;# 
   163     001D                     	;# 
   164     001E                     	;# 
   165     001F                     	;# 
   166     0081                     	;# 
   167     0085                     	;# 
   168     0086                     	;# 
   169     0087                     	;# 
   170     0088                     	;# 
   171     0089                     	;# 
   172     008C                     	;# 
   173     008D                     	;# 
   174     008E                     	;# 
   175     008F                     	;# 
   176     0090                     	;# 
   177     0091                     	;# 
   178     0092                     	;# 
   179     0093                     	;# 
   180     0093                     	;# 
   181     0093                     	;# 
   182     0094                     	;# 
   183     0095                     	;# 
   184     0096                     	;# 
   185     0097                     	;# 
   186     0098                     	;# 
   187     0099                     	;# 
   188     009A                     	;# 
   189     009B                     	;# 
   190     009C                     	;# 
   191     009D                     	;# 
   192     009E                     	;# 
   193     009F                     	;# 
   194     0105                     	;# 
   195     0107                     	;# 
   196     0108                     	;# 
   197     0109                     	;# 
   198     010C                     	;# 
   199     010C                     	;# 
   200     010D                     	;# 
   201     010E                     	;# 
   202     010F                     	;# 
   203     0185                     	;# 
   204     0187                     	;# 
   205     0188                     	;# 
   206     0189                     	;# 
   207     018C                     	;# 
   208     018D                     	;# 
   209     0000                     	;# 
   210     0001                     	;# 
   211     0002                     	;# 
   212     0003                     	;# 
   213     0004                     	;# 
   214     0005                     	;# 
   215     0006                     	;# 
   216     0007                     	;# 
   217     0008                     	;# 
   218     0009                     	;# 
   219     000A                     	;# 
   220     000B                     	;# 
   221     000C                     	;# 
   222     000D                     	;# 
   223     000E                     	;# 
   224     000E                     	;# 
   225     000F                     	;# 
   226     0010                     	;# 
   227     0011                     	;# 
   228     0012                     	;# 
   229     0013                     	;# 
   230     0014                     	;# 
   231     0015                     	;# 
   232     0015                     	;# 
   233     0016                     	;# 
   234     0017                     	;# 
   235     0018                     	;# 
   236     0019                     	;# 
   237     001A                     	;# 
   238     001B                     	;# 
   239     001B                     	;# 
   240     001C                     	;# 
   241     001D                     	;# 
   242     001E                     	;# 
   243     001F                     	;# 
   244     0081                     	;# 
   245     0085                     	;# 
   246     0086                     	;# 
   247     0087                     	;# 
   248     0088                     	;# 
   249     0089                     	;# 
   250     008C                     	;# 
   251     008D                     	;# 
   252     008E                     	;# 
   253     008F                     	;# 
   254     0090                     	;# 
   255     0091                     	;# 
   256     0092                     	;# 
   257     0093                     	;# 
   258     0093                     	;# 
   259     0093                     	;# 
   260     0094                     	;# 
   261     0095                     	;# 
   262     0096                     	;# 
   263     0097                     	;# 
   264     0098                     	;# 
   265     0099                     	;# 
   266     009A                     	;# 
   267     009B                     	;# 
   268     009C                     	;# 
   269     009D                     	;# 
   270     009E                     	;# 
   271     009F                     	;# 
   272     0105                     	;# 
   273     0107                     	;# 
   274     0108                     	;# 
   275     0109                     	;# 
   276     010C                     	;# 
   277     010C                     	;# 
   278     010D                     	;# 
   279     010E                     	;# 
   280     010F                     	;# 
   281     0185                     	;# 
   282     0187                     	;# 
   283     0188                     	;# 
   284     0189                     	;# 
   285     018C                     	;# 
   286     018D                     	;# 
   287     0000                     	;# 
   288     0001                     	;# 
   289     0002                     	;# 
   290     0003                     	;# 
   291     0004                     	;# 
   292     0005                     	;# 
   293     0006                     	;# 
   294     0007                     	;# 
   295     0008                     	;# 
   296     0009                     	;# 
   297     000A                     	;# 
   298     000B                     	;# 
   299     000C                     	;# 
   300     000D                     	;# 
   301     000E                     	;# 
   302     000E                     	;# 
   303     000F                     	;# 
   304     0010                     	;# 
   305     0011                     	;# 
   306     0012                     	;# 
   307     0013                     	;# 
   308     0014                     	;# 
   309     0015                     	;# 
   310     0015                     	;# 
   311     0016                     	;# 
   312     0017                     	;# 
   313     0018                     	;# 
   314     0019                     	;# 
   315     001A                     	;# 
   316     001B                     	;# 
   317     001B                     	;# 
   318     001C                     	;# 
   319     001D                     	;# 
   320     001E                     	;# 
   321     001F                     	;# 
   322     0081                     	;# 
   323     0085                     	;# 
   324     0086                     	;# 
   325     0087                     	;# 
   326     0088                     	;# 
   327     0089                     	;# 
   328     008C                     	;# 
   329     008D                     	;# 
   330     008E                     	;# 
   331     008F                     	;# 
   332     0090                     	;# 
   333     0091                     	;# 
   334     0092                     	;# 
   335     0093                     	;# 
   336     0093                     	;# 
   337     0093                     	;# 
   338     0094                     	;# 
   339     0095                     	;# 
   340     0096                     	;# 
   341     0097                     	;# 
   342     0098                     	;# 
   343     0099                     	;# 
   344     009A                     	;# 
   345     009B                     	;# 
   346     009C                     	;# 
   347     009D                     	;# 
   348     009E                     	;# 
   349     009F                     	;# 
   350     0105                     	;# 
   351     0107                     	;# 
   352     0108                     	;# 
   353     0109                     	;# 
   354     010C                     	;# 
   355     010C                     	;# 
   356     010D                     	;# 
   357     010E                     	;# 
   358     010F                     	;# 
   359     0185                     	;# 
   360     0187                     	;# 
   361     0188                     	;# 
   362     0189                     	;# 
   363     018C                     	;# 
   364     018D                     	;# 
   365     0000                     	;# 
   366     0001                     	;# 
   367     0002                     	;# 
   368     0003                     	;# 
   369     0004                     	;# 
   370     0005                     	;# 
   371     0006                     	;# 
   372     0007                     	;# 
   373     0008                     	;# 
   374     0009                     	;# 
   375     000A                     	;# 
   376     000B                     	;# 
   377     000C                     	;# 
   378     000D                     	;# 
   379     000E                     	;# 
   380     000E                     	;# 
   381     000F                     	;# 
   382     0010                     	;# 
   383     0011                     	;# 
   384     0012                     	;# 
   385     0013                     	;# 
   386     0014                     	;# 
   387     0015                     	;# 
   388     0015                     	;# 
   389     0016                     	;# 
   390     0017                     	;# 
   391     0018                     	;# 
   392     0019                     	;# 
   393     001A                     	;# 
   394     001B                     	;# 
   395     001B                     	;# 
   396     001C                     	;# 
   397     001D                     	;# 
   398     001E                     	;# 
   399     001F                     	;# 
   400     0081                     	;# 
   401     0085                     	;# 
   402     0086                     	;# 
   403     0087                     	;# 
   404     0088                     	;# 
   405     0089                     	;# 
   406     008C                     	;# 
   407     008D                     	;# 
   408     008E                     	;# 
   409     008F                     	;# 
   410     0090                     	;# 
   411     0091                     	;# 
   412     0092                     	;# 
   413     0093                     	;# 
   414     0093                     	;# 
   415     0093                     	;# 
   416     0094                     	;# 
   417     0095                     	;# 
   418     0096                     	;# 
   419     0097                     	;# 
   420     0098                     	;# 
   421     0099                     	;# 
   422     009A                     	;# 
   423     009B                     	;# 
   424     009C                     	;# 
   425     009D                     	;# 
   426     009E                     	;# 
   427     009F                     	;# 
   428     0105                     	;# 
   429     0107                     	;# 
   430     0108                     	;# 
   431     0109                     	;# 
   432     010C                     	;# 
   433     010C                     	;# 
   434     010D                     	;# 
   435     010E                     	;# 
   436     010F                     	;# 
   437     0185                     	;# 
   438     0187                     	;# 
   439     0188                     	;# 
   440     0189                     	;# 
   441     018C                     	;# 
   442     018D                     	;# 
   443     0014                     _SSPCON	set	20
   444     0008                     _PORTD	set	8
   445     0006                     _PORTB	set	6
   446     0013                     _SSPBUF	set	19
   447     0008                     _PORTDbits	set	8
   448     001E                     _ADRESH	set	30
   449     001F                     _ADCON0bits	set	31
   450     005E                     _PEIE	set	94
   451     005F                     _GIE	set	95
   452     0029                     _RA1	set	41
   453     00A7                     _WCOL	set	167
   454     00A6                     _SSPOV	set	166
   455     00A4                     _CKP	set	164
   456     0063                     _SSPIF	set	99
   457     0043                     _RD3	set	67
   458     0047                     _RD7	set	71
   459     0046                     _RD6	set	70
   460     0045                     _RD5	set	69
   461     0044                     _RD4	set	68
   462     00F8                     _ADON	set	248
   463     0091                     _SSPCON2bits	set	145
   464     0087                     _TRISCbits	set	135
   465     0094                     _SSPSTAT	set	148
   466     0093                     _SSPADD	set	147
   467     0091                     _SSPCON2	set	145
   468     008F                     _OSCCONbits	set	143
   469     0088                     _TRISD	set	136
   470     0086                     _TRISB	set	134
   471     0085                     _TRISA	set	133
   472     009E                     _ADRESL	set	158
   473     0463                     _SSPIE	set	1123
   474     043C                     _TRISC4	set	1084
   475     043B                     _TRISC3	set	1083
   476     0478                     _SCS	set	1144
   477     04A0                     _BF	set	1184
   478     04A2                     _R_nW	set	1186
   479     04A5                     _D_nA	set	1189
   480     04FD                     _VCFG1	set	1277
   481     04FC                     _VCFG0	set	1276
   482     04FF                     _ADFM	set	1279
   483     0189                     _ANSELH	set	393
   484     0188                     _ANSEL	set	392
   485                           
   486                           	psect	cinit
   487     000F                     start_initialization:	
   488                           ; #config settings
   489                           
   490     000F                     __initialization:
   491                           
   492                           ; Clear objects allocated to COMMON
   493     000F  01F8               	clrf	__pbssCOMMON& (0+127)
   494     0010  01F9               	clrf	(__pbssCOMMON+1)& (0+127)
   495     0011  01FA               	clrf	(__pbssCOMMON+2)& (0+127)
   496                           
   497                           ; Clear objects allocated to BANK0
   498     0012  1283               	bcf	3,5	;RP0=0, select bank0
   499     0013  1303               	bcf	3,6	;RP1=0, select bank0
   500     0014  01A3               	clrf	__pbssBANK0& (0+127)
   501     0015  01A4               	clrf	(__pbssBANK0+1)& (0+127)
   502     0016                     end_of_initialization:	
   503                           ;End of C runtime variable initialization code
   504                           
   505     0016                     __end_of__initialization:
   506     0016  0183               	clrf	3
   507     0017  120A  118A  28D3   	ljmp	_main	;jump to C main() function
   508                           
   509                           	psect	bssCOMMON
   510     0078                     __pbssCOMMON:
   511     0078                     _MQ2_val:
   512     0078                     	ds	1
   513     0079                     _request:
   514     0079                     	ds	1
   515     007A                     _send_data:
   516     007A                     	ds	1
   517                           
   518                           	psect	bssBANK0
   519     0023                     __pbssBANK0:
   520     0023                     _IR_sens:
   521     0023                     	ds	1
   522     0024                     _discard:
   523     0024                     	ds	1
   524                           
   525                           	psect	cstackCOMMON
   526     0070                     __pcstackCOMMON:
   527     0070                     ?_setup:
   528     0070                     ?_I2C_Slave_Init:	
   529                           ; 1 bytes @ 0x0
   530                           
   531     0070                     ?_isr:	
   532                           ; 1 bytes @ 0x0
   533                           
   534     0070                     ??_isr:	
   535                           ; 1 bytes @ 0x0
   536                           
   537     0070                     ?_main:	
   538                           ; 1 bytes @ 0x0
   539                           
   540                           
   541                           ; 2 bytes @ 0x0
   542     0070                     	ds	3
   543     0073                     ??_I2C_Slave_Init:
   544     0073                     ?_adc_init:	
   545                           ; 1 bytes @ 0x3
   546                           
   547     0073                     ?_adc_read:	
   548                           ; 1 bytes @ 0x3
   549                           
   550     0073                     adc_init@R:	
   551                           ; 2 bytes @ 0x3
   552                           
   553     0073                     I2C_Slave_Init@address:	
   554                           ; 1 bytes @ 0x3
   555                           
   556                           
   557                           ; 1 bytes @ 0x3
   558     0073                     	ds	1
   559     0074                     adc_init@clock:
   560                           
   561                           ; 1 bytes @ 0x4
   562     0074                     	ds	1
   563     0075                     ??_adc_read:
   564     0075                     adc_init@channel:	
   565                           ; 1 bytes @ 0x5
   566                           
   567                           
   568                           ; 1 bytes @ 0x5
   569     0075                     	ds	1
   570     0076                     ??_adc_init:
   571                           
   572                           ; 1 bytes @ 0x6
   573     0076                     	ds	2
   574     0078                     ??_setup:
   575                           
   576                           	psect	cstackBANK0
   577     0020                     __pcstackBANK0:	
   578                           ; 1 bytes @ 0x8
   579                           
   580     0020                     adc_init@J:
   581                           
   582                           ; 1 bytes @ 0x0
   583     0020                     	ds	1
   584     0021                     ??_main:
   585                           
   586                           ; 1 bytes @ 0x1
   587     0021                     	ds	2
   588                           
   589                           	psect	maintext
   590     00D3                     __pmaintext:	
   591 ;;
   592 ;;Main: autosize = 0, tempsize = 2, incstack = 0, save=0
   593 ;;
   594 ;; *************** function _main *****************
   595 ;; Defined at:
   596 ;;		line 95 in file "slave_MQ2_IR.c"
   597 ;; Parameters:    Size  Location     Type
   598 ;;		None
   599 ;; Auto vars:     Size  Location     Type
   600 ;;		None
   601 ;; Return value:  Size  Location     Type
   602 ;;                  2  168[None  ] int 
   603 ;; Registers used:
   604 ;;		wreg, fsr0l, fsr0h, status,2, status,0, pclath, cstack
   605 ;; Tracked objects:
   606 ;;		On entry : B00/0
   607 ;;		On exit  : 0/0
   608 ;;		Unchanged: 0/0
   609 ;; Data sizes:     COMMON   BANK0   BANK1   BANK3   BANK2
   610 ;;      Params:         0       0       0       0       0
   611 ;;      Locals:         0       0       0       0       0
   612 ;;      Temps:          0       2       0       0       0
   613 ;;      Totals:         0       2       0       0       0
   614 ;;Total ram usage:        2 bytes
   615 ;; Hardware stack levels required when called: 3
   616 ;; This function calls:
   617 ;;		_adc_read
   618 ;;		_setup
   619 ;; This function is called by:
   620 ;;		Startup code after reset
   621 ;; This function uses a non-reentrant model
   622 ;;
   623                           
   624     00D3                     _main:	
   625                           ;psect for function _main
   626                           
   627     00D3                     l1325:	
   628                           ;incstack = 0
   629                           ; Regs used in _main: [wreg-fsr0h+status,2+status,0+pclath+cstack]
   630                           
   631                           
   632                           ;slave_MQ2_IR.c: 96: 
   633     00D3  120A  118A  210F  120A  118A  	fcall	_setup
   634     00D8                     l1327:
   635                           
   636                           ;slave_MQ2_IR.c: 100: 
   637     00D8  120A  118A  2152  120A  118A  	fcall	_adc_read
   638     00DD  0874               	movf	?_adc_read+1,w
   639     00DE  00F8               	movwf	_MQ2_val
   640     00DF                     l1329:
   641                           
   642                           ;slave_MQ2_IR.c: 101: 
   643     00DF  3000               	movlw	0
   644     00E0  1283               	bcf	3,5	;RP0=0, select bank0
   645     00E1  1303               	bcf	3,6	;RP1=0, select bank0
   646     00E2  1885               	btfsc	5,1	;volatile
   647     00E3  3001               	movlw	1
   648     00E4  00A3               	movwf	_IR_sens
   649                           
   650                           ;slave_MQ2_IR.c: 103: 
   651     00E5  28EF               	goto	l1339
   652     00E6                     l1331:
   653                           
   654                           ;slave_MQ2_IR.c: 105:     I2C_Slave_Init(0x20);
   655     00E6  0878               	movf	_MQ2_val,w
   656     00E7  00FA               	movwf	_send_data
   657                           
   658                           ;slave_MQ2_IR.c: 106: 
   659     00E8  28FF               	goto	l1341
   660     00E9                     l1333:
   661                           
   662                           ;slave_MQ2_IR.c: 108: 
   663     00E9  0823               	movf	_IR_sens,w
   664     00EA  00FA               	movwf	_send_data
   665                           
   666                           ;slave_MQ2_IR.c: 109: 
   667     00EB  28FF               	goto	l1341
   668     00EC                     l1335:
   669     00EC  3058               	movlw	88
   670     00ED  00FA               	movwf	_send_data
   671     00EE  28FF               	goto	l1341
   672     00EF                     l1339:
   673     00EF  0879               	movf	_request,w
   674     00F0  00A1               	movwf	??_main
   675     00F1  01A2               	clrf	??_main+1
   676                           
   677                           ; Switch on 2 bytes has been partitioned into a top level switch of size 1, and 1 sub-sw
      +                          itches
   678                           ; Switch size 1, requested type "simple"
   679                           ; Number of cases is 1, Range of values is 0 to 0
   680                           ; switch strategies available:
   681                           ; Name         Instructions Cycles
   682                           ; simple_byte            4     3 (average)
   683                           ; direct_byte           11     8 (fixed)
   684                           ; jumptable            260     6 (fixed)
   685                           ;	Chosen strategy is simple_byte
   686     00F2  0822               	movf	??_main+1,w
   687     00F3  3A00               	xorlw	0	; case 0
   688     00F4  1903               	skipnz
   689     00F5  28F7               	goto	l1399
   690     00F6  28EC               	goto	l1335
   691     00F7                     l1399:
   692                           
   693                           ; Switch size 1, requested type "simple"
   694                           ; Number of cases is 2, Range of values is 71 to 73
   695                           ; switch strategies available:
   696                           ; Name         Instructions Cycles
   697                           ; simple_byte            7     4 (average)
   698                           ; direct_byte           20    11 (fixed)
   699                           ; jumptable            263     9 (fixed)
   700                           ;	Chosen strategy is simple_byte
   701     00F7  0821               	movf	??_main,w
   702     00F8  3A47               	xorlw	71	; case 71
   703     00F9  1903               	skipnz
   704     00FA  28E6               	goto	l1331
   705     00FB  3A0E               	xorlw	14	; case 73
   706     00FC  1903               	skipnz
   707     00FD  28E9               	goto	l1333
   708     00FE  28EC               	goto	l1335
   709     00FF                     l1341:
   710     00FF  0878               	movf	_MQ2_val,w
   711     0100  0086               	movwf	6	;volatile
   712     0101  3082               	movlw	130
   713     0102  1283               	bcf	3,5	;RP0=0, select bank0
   714     0103  1303               	bcf	3,6	;RP1=0, select bank0
   715     0104  00A2               	movwf	??_main+1
   716     0105  30DD               	movlw	221
   717     0106  00A1               	movwf	??_main
   718     0107                     u537:
   719     0107  0BA1               	decfsz	??_main,f
   720     0108  2907               	goto	u537
   721     0109  0BA2               	decfsz	??_main+1,f
   722     010A  2907               	goto	u537
   723     010B  28D8               	goto	l1327
   724     010C  120A  118A  280C   	ljmp	start
   725     010F                     __end_of_main:
   726                           
   727                           	psect	text1
   728     010F                     __ptext1:	
   729 ;; *************** function _setup *****************
   730 ;; Defined at:
   731 ;;		line 123 in file "slave_MQ2_IR.c"
   732 ;; Parameters:    Size  Location     Type
   733 ;;		None
   734 ;; Auto vars:     Size  Location     Type
   735 ;;		None
   736 ;; Return value:  Size  Location     Type
   737 ;;                  1    wreg      void 
   738 ;; Registers used:
   739 ;;		wreg, fsr0l, fsr0h, status,2, status,0, pclath, cstack
   740 ;; Tracked objects:
   741 ;;		On entry : 0/0
   742 ;;		On exit  : 0/0
   743 ;;		Unchanged: 0/0
   744 ;; Data sizes:     COMMON   BANK0   BANK1   BANK3   BANK2
   745 ;;      Params:         0       0       0       0       0
   746 ;;      Locals:         0       0       0       0       0
   747 ;;      Temps:          0       0       0       0       0
   748 ;;      Totals:         0       0       0       0       0
   749 ;;Total ram usage:        0 bytes
   750 ;; Hardware stack levels used: 1
   751 ;; Hardware stack levels required when called: 2
   752 ;; This function calls:
   753 ;;		_I2C_Slave_Init
   754 ;;		_adc_init
   755 ;; This function is called by:
   756 ;;		_main
   757 ;; This function uses a non-reentrant model
   758 ;;
   759                           
   760     010F                     _setup:	
   761                           ;psect for function _setup
   762                           
   763     010F                     l1311:	
   764                           ;incstack = 0
   765                           ; Regs used in _setup: [wreg-fsr0h+status,2+status,0+pclath+cstack]
   766                           
   767     010F  3001               	movlw	1
   768     0110  1683               	bsf	3,5	;RP0=1, select bank3
   769     0111  1703               	bsf	3,6	;RP1=1, select bank3
   770     0112  0088               	movwf	8	;volatile
   771     0113                     l1313:
   772     0113  0189               	clrf	9	;volatile
   773     0114                     l1315:
   774     0114  3003               	movlw	3
   775     0115  1683               	bsf	3,5	;RP0=1, select bank1
   776     0116  1303               	bcf	3,6	;RP1=0, select bank1
   777     0117  0085               	movwf	5	;volatile
   778     0118  0186               	clrf	6	;volatile
   779     0119  1283               	bcf	3,5	;RP0=0, select bank0
   780     011A  1303               	bcf	3,6	;RP1=0, select bank0
   781     011B  0186               	clrf	6	;volatile
   782     011C  1683               	bsf	3,5	;RP0=1, select bank1
   783     011D  1303               	bcf	3,6	;RP1=0, select bank1
   784     011E  0188               	clrf	8	;volatile
   785     011F  1283               	bcf	3,5	;RP0=0, select bank0
   786     0120  1303               	bcf	3,6	;RP1=0, select bank0
   787     0121  0188               	clrf	8	;volatile
   788     0122                     l1317:
   789     0122  3070               	movlw	112
   790     0123  1683               	bsf	3,5	;RP0=1, select bank1
   791     0124  1303               	bcf	3,6	;RP1=0, select bank1
   792     0125  048F               	iorwf	15,f	;volatile
   793     0126                     l1319:
   794     0126  140F               	bsf	15,0	;volatile
   795     0127                     l1321:
   796     0127  01F3               	clrf	adc_init@R
   797     0128  3008               	movlw	8
   798     0129  00F4               	movwf	adc_init@clock
   799     012A  01F5               	clrf	adc_init@channel
   800     012B  3000               	movlw	0
   801     012C  120A  118A  2077  120A  118A  	fcall	_adc_init
   802     0131                     l1323:
   803     0131  3020               	movlw	32
   804     0132  120A  118A  2138  120A  118A  	fcall	_I2C_Slave_Init
   805     0137                     l180:
   806     0137  0008               	return
   807     0138                     __end_of_setup:
   808                           
   809                           	psect	text2
   810     0077                     __ptext2:	
   811 ;; *************** function _adc_init *****************
   812 ;; Defined at:
   813 ;;		line 4 in file "ADC_lib.c"
   814 ;; Parameters:    Size  Location     Type
   815 ;;  J               1    wreg     unsigned char 
   816 ;;  R               1    3[COMMON] unsigned char 
   817 ;;  clock           1    4[COMMON] unsigned char 
   818 ;;  channel         1    5[COMMON] unsigned char 
   819 ;; Auto vars:     Size  Location     Type
   820 ;;  J               1    0[BANK0 ] unsigned char 
   821 ;; Return value:  Size  Location     Type
   822 ;;                  1    wreg      void 
   823 ;; Registers used:
   824 ;;		wreg, fsr0l, fsr0h, status,2, status,0
   825 ;; Tracked objects:
   826 ;;		On entry : 0/0
   827 ;;		On exit  : 0/0
   828 ;;		Unchanged: 0/0
   829 ;; Data sizes:     COMMON   BANK0   BANK1   BANK3   BANK2
   830 ;;      Params:         3       0       0       0       0
   831 ;;      Locals:         0       1       0       0       0
   832 ;;      Temps:          2       0       0       0       0
   833 ;;      Totals:         5       1       0       0       0
   834 ;;Total ram usage:        6 bytes
   835 ;; Hardware stack levels used: 1
   836 ;; Hardware stack levels required when called: 1
   837 ;; This function calls:
   838 ;;		Nothing
   839 ;; This function is called by:
   840 ;;		_setup
   841 ;; This function uses a non-reentrant model
   842 ;;
   843                           
   844     0077                     _adc_init:	
   845                           ;psect for function _adc_init
   846                           
   847                           
   848                           ;incstack = 0
   849                           ; Regs used in _adc_init: [wreg-fsr0h+status,2+status,0]
   850                           ;adc_init@J stored from wreg
   851     0077  1283               	bcf	3,5	;RP0=0, select bank0
   852     0078  1303               	bcf	3,6	;RP1=0, select bank0
   853     0079  00A0               	movwf	adc_init@J
   854     007A                     l1289:
   855                           
   856                           ;ADC_lib.c: 13:     ADFM = J;
   857     007A  1820               	btfsc	adc_init@J,0
   858     007B  287D               	goto	u471
   859     007C  2881               	goto	u470
   860     007D                     u471:
   861     007D  1683               	bsf	3,5	;RP0=1, select bank1
   862     007E  1303               	bcf	3,6	;RP1=0, select bank1
   863     007F  179F               	bsf	31,7	;volatile
   864     0080  2884               	goto	u484
   865     0081                     u470:
   866     0081  1683               	bsf	3,5	;RP0=1, select bank1
   867     0082  1303               	bcf	3,6	;RP1=0, select bank1
   868     0083  139F               	bcf	31,7	;volatile
   869     0084                     u484:
   870                           
   871                           ;ADC_lib.c: 14:     VCFG0 = R;
   872     0084  1873               	btfsc	adc_init@R,0
   873     0085  2887               	goto	u491
   874     0086  288B               	goto	u490
   875     0087                     u491:
   876     0087  1683               	bsf	3,5	;RP0=1, select bank1
   877     0088  1303               	bcf	3,6	;RP1=0, select bank1
   878     0089  161F               	bsf	31,4	;volatile
   879     008A  288E               	goto	u504
   880     008B                     u490:
   881     008B  1683               	bsf	3,5	;RP0=1, select bank1
   882     008C  1303               	bcf	3,6	;RP1=0, select bank1
   883     008D  121F               	bcf	31,4	;volatile
   884     008E                     u504:
   885                           
   886                           ;ADC_lib.c: 15:     VCFG1 = R;
   887     008E  1873               	btfsc	adc_init@R,0
   888     008F  2891               	goto	u511
   889     0090  2895               	goto	u510
   890     0091                     u511:
   891     0091  1683               	bsf	3,5	;RP0=1, select bank1
   892     0092  1303               	bcf	3,6	;RP1=0, select bank1
   893     0093  169F               	bsf	31,5	;volatile
   894     0094  2898               	goto	u524
   895     0095                     u510:
   896     0095  1683               	bsf	3,5	;RP0=1, select bank1
   897     0096  1303               	bcf	3,6	;RP1=0, select bank1
   898     0097  129F               	bcf	31,5	;volatile
   899     0098                     u524:
   900                           
   901                           ;ADC_lib.c: 17:     switch(clock){
   902     0098  28B1               	goto	l1301
   903     0099                     l1291:
   904                           
   905                           ;ADC_lib.c: 19:             ADCON0bits.ADCS = 0b00;
   906     0099  303F               	movlw	-193
   907     009A  1283               	bcf	3,5	;RP0=0, select bank0
   908     009B  1303               	bcf	3,6	;RP1=0, select bank0
   909     009C  059F               	andwf	31,f	;volatile
   910                           
   911                           ;ADC_lib.c: 21:             break;
   912     009D  28C7               	goto	l1303
   913     009E                     l1293:
   914                           
   915                           ;ADC_lib.c: 23:             ADCON0bits.ADCS = 0b01;
   916     009E  1283               	bcf	3,5	;RP0=0, select bank0
   917     009F  1303               	bcf	3,6	;RP1=0, select bank0
   918     00A0  081F               	movf	31,w	;volatile
   919     00A1  393F               	andlw	-193
   920     00A2  3840               	iorlw	64
   921     00A3  009F               	movwf	31	;volatile
   922                           
   923                           ;ADC_lib.c: 25:             break;
   924     00A4  28C7               	goto	l1303
   925     00A5                     l1295:
   926                           
   927                           ;ADC_lib.c: 27:             ADCON0bits.ADCS = 0b10;
   928     00A5  1283               	bcf	3,5	;RP0=0, select bank0
   929     00A6  1303               	bcf	3,6	;RP1=0, select bank0
   930     00A7  081F               	movf	31,w	;volatile
   931     00A8  393F               	andlw	-193
   932     00A9  3880               	iorlw	128
   933     00AA  009F               	movwf	31	;volatile
   934                           
   935                           ;ADC_lib.c: 29:             break;
   936     00AB  28C7               	goto	l1303
   937     00AC                     l1297:
   938                           
   939                           ;ADC_lib.c: 31:             ADCON0bits.ADCS = 0b11;
   940     00AC  30C0               	movlw	192
   941     00AD  1283               	bcf	3,5	;RP0=0, select bank0
   942     00AE  1303               	bcf	3,6	;RP1=0, select bank0
   943     00AF  049F               	iorwf	31,f	;volatile
   944                           
   945                           ;ADC_lib.c: 33:             break;
   946     00B0  28C7               	goto	l1303
   947     00B1                     l1301:
   948     00B1  0874               	movf	adc_init@clock,w
   949     00B2  00F6               	movwf	??_adc_init
   950     00B3  01F7               	clrf	??_adc_init+1
   951                           
   952                           ; Switch on 2 bytes has been partitioned into a top level switch of size 1, and 1 sub-sw
      +                          itches
   953                           ; Switch size 1, requested type "simple"
   954                           ; Number of cases is 1, Range of values is 0 to 0
   955                           ; switch strategies available:
   956                           ; Name         Instructions Cycles
   957                           ; simple_byte            4     3 (average)
   958                           ; direct_byte           11     8 (fixed)
   959                           ; jumptable            260     6 (fixed)
   960                           ;	Chosen strategy is simple_byte
   961     00B4  0877               	movf	??_adc_init+1,w
   962     00B5  3A00               	xorlw	0	; case 0
   963     00B6  1903               	skipnz
   964     00B7  28B9               	goto	l1401
   965     00B8  28C7               	goto	l1303
   966     00B9                     l1401:
   967                           
   968                           ; Switch size 1, requested type "simple"
   969                           ; Number of cases is 4, Range of values is 1 to 20
   970                           ; switch strategies available:
   971                           ; Name         Instructions Cycles
   972                           ; simple_byte           13     7 (average)
   973                           ; direct_byte           71    11 (fixed)
   974                           ; jumptable            263     9 (fixed)
   975                           ;	Chosen strategy is simple_byte
   976     00B9  0876               	movf	??_adc_init,w
   977     00BA  3A01               	xorlw	1	; case 1
   978     00BB  1903               	skipnz
   979     00BC  2899               	goto	l1291
   980     00BD  3A05               	xorlw	5	; case 4
   981     00BE  1903               	skipnz
   982     00BF  289E               	goto	l1293
   983     00C0  3A0C               	xorlw	12	; case 8
   984     00C1  1903               	skipnz
   985     00C2  28A5               	goto	l1295
   986     00C3  3A1C               	xorlw	28	; case 20
   987     00C4  1903               	skipnz
   988     00C5  28AC               	goto	l1297
   989     00C6  28C7               	goto	l1303
   990     00C7                     l1303:
   991                           
   992                           ;ADC_lib.c: 35:     ADCON0bits.CHS = channel;
   993     00C7  0875               	movf	adc_init@channel,w
   994     00C8  00F6               	movwf	??_adc_init
   995     00C9  0DF6               	rlf	??_adc_init,f
   996     00CA  0DF6               	rlf	??_adc_init,f
   997     00CB  1283               	bcf	3,5	;RP0=0, select bank0
   998     00CC  081F               	movf	31,w	;volatile
   999     00CD  0676               	xorwf	??_adc_init,w
  1000     00CE  39C3               	andlw	-61
  1001     00CF  0676               	xorwf	??_adc_init,w
  1002     00D0  009F               	movwf	31	;volatile
  1003     00D1                     l1305:
  1004                           
  1005                           ;ADC_lib.c: 38:     ADON = 1;
  1006     00D1  141F               	bsf	31,0	;volatile
  1007     00D2                     l23:
  1008     00D2  0008               	return
  1009     00D3                     __end_of_adc_init:
  1010                           
  1011                           	psect	text3
  1012     0138                     __ptext3:	
  1013 ;; *************** function _I2C_Slave_Init *****************
  1014 ;; Defined at:
  1015 ;;		line 93 in file "../PIC_MASTER.X/I2C.c"
  1016 ;; Parameters:    Size  Location     Type
  1017 ;;  address         1    wreg     unsigned char 
  1018 ;; Auto vars:     Size  Location     Type
  1019 ;;  address         1    3[COMMON] unsigned char 
  1020 ;; Return value:  Size  Location     Type
  1021 ;;                  1    wreg      void 
  1022 ;; Registers used:
  1023 ;;		wreg
  1024 ;; Tracked objects:
  1025 ;;		On entry : 0/0
  1026 ;;		On exit  : 0/0
  1027 ;;		Unchanged: 0/0
  1028 ;; Data sizes:     COMMON   BANK0   BANK1   BANK3   BANK2
  1029 ;;      Params:         0       0       0       0       0
  1030 ;;      Locals:         1       0       0       0       0
  1031 ;;      Temps:          0       0       0       0       0
  1032 ;;      Totals:         1       0       0       0       0
  1033 ;;Total ram usage:        1 bytes
  1034 ;; Hardware stack levels used: 1
  1035 ;; Hardware stack levels required when called: 1
  1036 ;; This function calls:
  1037 ;;		Nothing
  1038 ;; This function is called by:
  1039 ;;		_setup
  1040 ;; This function uses a non-reentrant model
  1041 ;;
  1042                           
  1043     0138                     _I2C_Slave_Init:	
  1044                           ;psect for function _I2C_Slave_Init
  1045                           
  1046                           
  1047                           ;incstack = 0
  1048                           ; Regs used in _I2C_Slave_Init: [wreg]
  1049                           ;I2C_Slave_Init@address stored from wreg
  1050     0138  00F3               	movwf	I2C_Slave_Init@address
  1051     0139                     l1147:
  1052                           
  1053                           ;../PIC_MASTER.X/I2C.c: 93: void I2C_Slave_Init(uint8_t address);../PIC_MASTER.X/I2C.c: 
      +                          94: {;../PIC_MASTER.X/I2C.c: 95:     SSPADD = address;
  1054     0139  0873               	movf	I2C_Slave_Init@address,w
  1055     013A  1683               	bsf	3,5	;RP0=1, select bank1
  1056     013B  1303               	bcf	3,6	;RP1=0, select bank1
  1057     013C  0093               	movwf	19	;volatile
  1058                           
  1059                           ;../PIC_MASTER.X/I2C.c: 96:     SSPCON = 0x36;
  1060     013D  3036               	movlw	54
  1061     013E  1283               	bcf	3,5	;RP0=0, select bank0
  1062     013F  1303               	bcf	3,6	;RP1=0, select bank0
  1063     0140  0094               	movwf	20	;volatile
  1064                           
  1065                           ;../PIC_MASTER.X/I2C.c: 97:     SSPSTAT = 0x80;
  1066     0141  3080               	movlw	128
  1067     0142  1683               	bsf	3,5	;RP0=1, select bank1
  1068     0143  1303               	bcf	3,6	;RP1=0, select bank1
  1069     0144  0094               	movwf	20	;volatile
  1070                           
  1071                           ;../PIC_MASTER.X/I2C.c: 98:     SSPCON2 = 0x01;
  1072     0145  3001               	movlw	1
  1073     0146  0091               	movwf	17	;volatile
  1074     0147                     l1149:
  1075                           
  1076                           ;../PIC_MASTER.X/I2C.c: 99:     TRISC3 = 1;
  1077     0147  1587               	bsf	7,3	;volatile
  1078     0148                     l1151:
  1079                           
  1080                           ;../PIC_MASTER.X/I2C.c: 100:     TRISC4 = 1;
  1081     0148  1607               	bsf	7,4	;volatile
  1082     0149                     l1153:
  1083                           
  1084                           ;../PIC_MASTER.X/I2C.c: 101:     GIE = 1;
  1085     0149  178B               	bsf	11,7	;volatile
  1086     014A                     l1155:
  1087                           
  1088                           ;../PIC_MASTER.X/I2C.c: 102:     PEIE = 1;
  1089     014A  170B               	bsf	11,6	;volatile
  1090     014B                     l1157:
  1091                           
  1092                           ;../PIC_MASTER.X/I2C.c: 103:     SSPIF = 0;
  1093     014B  1283               	bcf	3,5	;RP0=0, select bank0
  1094     014C  1303               	bcf	3,6	;RP1=0, select bank0
  1095     014D  118C               	bcf	12,3	;volatile
  1096     014E                     l1159:
  1097                           
  1098                           ;../PIC_MASTER.X/I2C.c: 104:     SSPIE = 1;
  1099     014E  1683               	bsf	3,5	;RP0=1, select bank1
  1100     014F  1303               	bcf	3,6	;RP1=0, select bank1
  1101     0150  158C               	bsf	12,3	;volatile
  1102     0151                     l235:
  1103     0151  0008               	return
  1104     0152                     __end_of_I2C_Slave_Init:
  1105                           
  1106                           	psect	text4
  1107     0152                     __ptext4:	
  1108 ;; *************** function _adc_read *****************
  1109 ;; Defined at:
  1110 ;;		line 42 in file "ADC_lib.c"
  1111 ;; Parameters:    Size  Location     Type
  1112 ;;		None
  1113 ;; Auto vars:     Size  Location     Type
  1114 ;;		None
  1115 ;; Return value:  Size  Location     Type
  1116 ;;                  2    3[COMMON] unsigned int 
  1117 ;; Registers used:
  1118 ;;		wreg
  1119 ;; Tracked objects:
  1120 ;;		On entry : 0/0
  1121 ;;		On exit  : 0/0
  1122 ;;		Unchanged: 0/0
  1123 ;; Data sizes:     COMMON   BANK0   BANK1   BANK3   BANK2
  1124 ;;      Params:         2       0       0       0       0
  1125 ;;      Locals:         0       0       0       0       0
  1126 ;;      Temps:          0       0       0       0       0
  1127 ;;      Totals:         2       0       0       0       0
  1128 ;;Total ram usage:        2 bytes
  1129 ;; Hardware stack levels used: 1
  1130 ;; Hardware stack levels required when called: 1
  1131 ;; This function calls:
  1132 ;;		Nothing
  1133 ;; This function is called by:
  1134 ;;		_main
  1135 ;; This function uses a non-reentrant model
  1136 ;;
  1137                           
  1138     0152                     _adc_read:	
  1139                           ;psect for function _adc_read
  1140                           
  1141     0152                     l1161:	
  1142                           ;incstack = 0
  1143                           ; Regs used in _adc_read: [wreg]
  1144                           
  1145                           
  1146                           ;ADC_lib.c: 43:     ADCON0bits.GO = 1;
  1147     0152  1283               	bcf	3,5	;RP0=0, select bank0
  1148     0153  1303               	bcf	3,6	;RP1=0, select bank0
  1149     0154  149F               	bsf	31,1	;volatile
  1150     0155                     l26:	
  1151                           ;ADC_lib.c: 44:     while(ADCON0bits.GO);
  1152                           
  1153     0155  189F               	btfsc	31,1	;volatile
  1154     0156  2958               	goto	u371
  1155     0157  2959               	goto	u370
  1156     0158                     u371:
  1157     0158  2955               	goto	l26
  1158     0159                     u370:
  1159     0159                     l1163:
  1160                           
  1161                           ;ADC_lib.c: 45:     return (ADRESH<<8) | ADRESL;
  1162     0159  081E               	movf	30,w	;volatile
  1163     015A  00F4               	movwf	?_adc_read+1
  1164     015B  1683               	bsf	3,5	;RP0=1, select bank1
  1165     015C  1303               	bcf	3,6	;RP1=0, select bank1
  1166     015D  081E               	movf	30,w	;volatile
  1167     015E  00F3               	movwf	?_adc_read
  1168     015F                     l29:
  1169     015F  0008               	return
  1170     0160                     __end_of_adc_read:
  1171                           
  1172                           	psect	text5
  1173     001A                     __ptext5:	
  1174 ;; *************** function _isr *****************
  1175 ;; Defined at:
  1176 ;;		line 55 in file "slave_MQ2_IR.c"
  1177 ;; Parameters:    Size  Location     Type
  1178 ;;		None
  1179 ;; Auto vars:     Size  Location     Type
  1180 ;;		None
  1181 ;; Return value:  Size  Location     Type
  1182 ;;                  1    wreg      void 
  1183 ;; Registers used:
  1184 ;;		wreg
  1185 ;; Tracked objects:
  1186 ;;		On entry : 0/0
  1187 ;;		On exit  : 0/0
  1188 ;;		Unchanged: 0/0
  1189 ;; Data sizes:     COMMON   BANK0   BANK1   BANK3   BANK2
  1190 ;;      Params:         0       0       0       0       0
  1191 ;;      Locals:         0       0       0       0       0
  1192 ;;      Temps:          3       0       0       0       0
  1193 ;;      Totals:         3       0       0       0       0
  1194 ;;Total ram usage:        3 bytes
  1195 ;; Hardware stack levels used: 1
  1196 ;; This function calls:
  1197 ;;		Nothing
  1198 ;; This function is called by:
  1199 ;;		Interrupt level 1
  1200 ;; This function uses a non-reentrant model
  1201 ;;
  1202                           
  1203     001A                     _isr:	
  1204                           ;psect for function _isr
  1205                           
  1206     001A                     i1l1181:
  1207                           
  1208                           ;slave_MQ2_IR.c: 56: 
  1209     001A  1283               	bcf	3,5	;RP0=0, select bank0
  1210     001B  1303               	bcf	3,6	;RP1=0, select bank0
  1211     001C  1D8C               	btfss	12,3	;volatile
  1212     001D  281F               	goto	u38_21
  1213     001E  2820               	goto	u38_20
  1214     001F                     u38_21:
  1215     001F  2870               	goto	i1l164
  1216     0020                     u38_20:
  1217     0020                     i1l1183:
  1218                           
  1219                           ;slave_MQ2_IR.c: 58: int main(void) {
  1220     0020  1214               	bcf	20,4	;volatile
  1221                           
  1222                           ;slave_MQ2_IR.c: 60:     while(1){
  1223     0021  1B14               	btfsc	20,6	;volatile
  1224     0022  2824               	goto	u39_21
  1225     0023  2825               	goto	u39_20
  1226     0024                     u39_21:
  1227     0024  2829               	goto	i1l1187
  1228     0025                     u39_20:
  1229     0025                     i1l1185:
  1230     0025  1F94               	btfss	20,7	;volatile
  1231     0026  2828               	goto	u40_21
  1232     0027  2829               	goto	u40_20
  1233     0028                     u40_21:
  1234     0028  282E               	goto	i1l1195
  1235     0029                     u40_20:
  1236     0029                     i1l1187:
  1237                           
  1238                           ;slave_MQ2_IR.c: 61: 
  1239     0029  0813               	movf	19,w	;volatile
  1240     002A  00A4               	movwf	_discard
  1241     002B                     i1l1189:
  1242                           
  1243                           ;slave_MQ2_IR.c: 62: 
  1244     002B  1314               	bcf	20,6	;volatile
  1245     002C                     i1l1191:
  1246                           
  1247                           ;slave_MQ2_IR.c: 63:         MQ2_val = (adc_read()>>8) & 0x00FF;
  1248     002C  1394               	bcf	20,7	;volatile
  1249     002D                     i1l1193:
  1250                           
  1251                           ;slave_MQ2_IR.c: 64:         IR_sens = RA1;
  1252     002D  1614               	bsf	20,4	;volatile
  1253     002E                     i1l1195:
  1254                           
  1255                           ;slave_MQ2_IR.c: 67:             case 'G':
  1256     002E  1683               	bsf	3,5	;RP0=1, select bank1
  1257     002F  1303               	bcf	3,6	;RP1=0, select bank1
  1258     0030  1A94               	btfsc	20,5	;volatile
  1259     0031  2833               	goto	u41_21
  1260     0032  2834               	goto	u41_20
  1261     0033                     u41_21:
  1262     0033  284E               	goto	i1l155
  1263     0034                     u41_20:
  1264     0034                     i1l1197:
  1265     0034  1914               	btfsc	20,2	;volatile
  1266     0035  2837               	goto	u42_21
  1267     0036  2838               	goto	u42_20
  1268     0037                     u42_21:
  1269     0037  284E               	goto	i1l155
  1270     0038                     u42_20:
  1271     0038                     i1l1199:
  1272                           
  1273                           ;slave_MQ2_IR.c: 69:                 break;
  1274     0038  1283               	bcf	3,5	;RP0=0, select bank0
  1275     0039  1303               	bcf	3,6	;RP1=0, select bank0
  1276     003A  0813               	movf	19,w	;volatile
  1277     003B  00A4               	movwf	_discard
  1278     003C                     i1l1201:
  1279                           
  1280                           ;slave_MQ2_IR.c: 71:                 send_data = IR_sens;
  1281     003C  118C               	bcf	12,3	;volatile
  1282     003D                     i1l1203:
  1283                           
  1284                           ;slave_MQ2_IR.c: 72:                 break;
  1285     003D  1614               	bsf	20,4	;volatile
  1286     003E                     i1l156:	
  1287                           ;slave_MQ2_IR.c: 73:             default:
  1288                           
  1289     003E  1683               	bsf	3,5	;RP0=1, select bank1
  1290     003F  1303               	bcf	3,6	;RP1=0, select bank1
  1291     0040  1C14               	btfss	20,0	;volatile
  1292     0041  2843               	goto	u43_21
  1293     0042  2844               	goto	u43_20
  1294     0043                     u43_21:
  1295     0043  283E               	goto	i1l156
  1296     0044                     u43_20:
  1297     0044                     i1l1205:
  1298                           
  1299                           ;slave_MQ2_IR.c: 74:                 send_data = 'X';
  1300     0044  1283               	bcf	3,5	;RP0=0, select bank0
  1301     0045  1303               	bcf	3,6	;RP1=0, select bank0
  1302     0046  0813               	movf	19,w	;volatile
  1303     0047  00F9               	movwf	_request
  1304                           
  1305                           ;slave_MQ2_IR.c: 75:                 break;
  1306     0048  30A6               	movlw	166
  1307     0049  00F0               	movwf	??_isr
  1308     004A                     u54_27:
  1309     004A  0BF0               	decfsz	??_isr,f
  1310     004B  284A               	goto	u54_27
  1311     004C  0000               	nop
  1312                           
  1313                           ;slave_MQ2_IR.c: 76:         }
  1314     004D  286D               	goto	i1l159
  1315     004E                     i1l155:	
  1316                           ;slave_MQ2_IR.c: 77: 
  1317                           
  1318     004E  1A94               	btfsc	20,5	;volatile
  1319     004F  2851               	goto	u44_21
  1320     0050  2852               	goto	u44_20
  1321     0051                     u44_21:
  1322     0051  286D               	goto	i1l159
  1323     0052                     u44_20:
  1324     0052                     i1l1207:
  1325     0052  1D14               	btfss	20,2	;volatile
  1326     0053  2855               	goto	u45_21
  1327     0054  2856               	goto	u45_20
  1328     0055                     u45_21:
  1329     0055  286D               	goto	i1l159
  1330     0056                     u45_20:
  1331     0056                     i1l1209:
  1332                           
  1333                           ;slave_MQ2_IR.c: 78: 
  1334     0056  1283               	bcf	3,5	;RP0=0, select bank0
  1335     0057  1303               	bcf	3,6	;RP1=0, select bank0
  1336     0058  0813               	movf	19,w	;volatile
  1337     0059  00A4               	movwf	_discard
  1338     005A                     i1l1211:
  1339                           
  1340                           ;slave_MQ2_IR.c: 79: 
  1341     005A  1683               	bsf	3,5	;RP0=1, select bank1
  1342     005B  1303               	bcf	3,6	;RP1=0, select bank1
  1343     005C  1014               	bcf	20,0	;volatile
  1344                           
  1345                           ;slave_MQ2_IR.c: 80: 
  1346     005D  087A               	movf	_send_data,w
  1347     005E  1283               	bcf	3,5	;RP0=0, select bank0
  1348     005F  1303               	bcf	3,6	;RP1=0, select bank0
  1349     0060  0093               	movwf	19	;volatile
  1350     0061                     i1l1213:
  1351                           
  1352                           ;slave_MQ2_IR.c: 81:         PORTB = MQ2_val;
  1353     0061  1614               	bsf	20,4	;volatile
  1354                           
  1355                           ;slave_MQ2_IR.c: 82:         _delay((unsigned long)((50)*(8000000/4000.0)));
  1356     0062  30A6               	movlw	166
  1357     0063  00F0               	movwf	??_isr
  1358     0064                     u55_27:
  1359     0064  0BF0               	decfsz	??_isr,f
  1360     0065  2864               	goto	u55_27
  1361     0066  0000               	nop
  1362     0067                     i1l161:	
  1363                           ;slave_MQ2_IR.c: 83:     }
  1364                           
  1365     0067  1683               	bsf	3,5	;RP0=1, select bank1
  1366     0068  1303               	bcf	3,6	;RP1=0, select bank1
  1367     0069  1814               	btfsc	20,0	;volatile
  1368     006A  286C               	goto	u46_21
  1369     006B  286D               	goto	u46_20
  1370     006C                     u46_21:
  1371     006C  2867               	goto	i1l161
  1372     006D                     u46_20:
  1373     006D                     i1l159:
  1374                           
  1375                           ;slave_MQ2_IR.c: 86: void setup(void){
  1376     006D  1283               	bcf	3,5	;RP0=0, select bank0
  1377     006E  1303               	bcf	3,6	;RP1=0, select bank0
  1378     006F  118C               	bcf	12,3	;volatile
  1379     0070                     i1l164:
  1380     0070  0872               	movf	??_isr+2,w
  1381     0071  008A               	movwf	10
  1382     0072  0E71               	swapf	??_isr+1,w
  1383     0073  0083               	movwf	3
  1384     0074  0EFE               	swapf	btemp,f
  1385     0075  0E7E               	swapf	btemp,w
  1386     0076  0009               	retfie
  1387     0077                     __end_of_isr:
  1388     007E                     btemp	set	126	;btemp
  1389     007E                     wtemp0	set	126
  1390                           
  1391                           	psect	intentry
  1392     0004                     __pintentry:	
  1393                           ;incstack = 0
  1394                           ; Regs used in _isr: [wreg]
  1395                           
  1396     0004                     interrupt_function:
  1397     007E                     saved_w	set	btemp
  1398     0004  00FE               	movwf	btemp
  1399     0005  0E03               	swapf	3,w
  1400     0006  00F1               	movwf	??_isr+1
  1401     0007  080A               	movf	10,w
  1402     0008  00F2               	movwf	??_isr+2
  1403     0009  120A  118A  281A   	ljmp	_isr
  1404                           
  1405                           	psect	config
  1406                           
  1407                           ;Config register CONFIG1 @ 0x2007
  1408                           ;	Oscillator Selection bits
  1409                           ;	FOSC = INTRC_NOCLKOUT, INTOSCIO oscillator: I/O function on RA6/OSC2/CLKOUT pin, I/O f
      +                          unction on RA7/OSC1/CLKIN
  1410                           ;	Watchdog Timer Enable bit
  1411                           ;	WDTE = OFF, WDT disabled and can be enabled by SWDTEN bit of the WDTCON register
  1412                           ;	Power-up Timer Enable bit
  1413                           ;	PWRTE = OFF, PWRT disabled
  1414                           ;	RE3/MCLR pin function select bit
  1415                           ;	MCLRE = OFF, RE3/MCLR pin function is digital input, MCLR internally tied to VDD
  1416                           ;	Code Protection bit
  1417                           ;	CP = OFF, Program memory code protection is disabled
  1418                           ;	Data Code Protection bit
  1419                           ;	CPD = OFF, Data memory code protection is disabled
  1420                           ;	Brown Out Reset Selection bits
  1421                           ;	BOREN = OFF, BOR disabled
  1422                           ;	Internal External Switchover bit
  1423                           ;	IESO = OFF, Internal/External Switchover mode is disabled
  1424                           ;	Fail-Safe Clock Monitor Enabled bit
  1425                           ;	FCMEN = OFF, Fail-Safe Clock Monitor is disabled
  1426                           ;	Low Voltage Programming Enable bit
  1427                           ;	LVP = OFF, RB3 pin has digital I/O, HV on MCLR must be used for programming
  1428                           ;	In-Circuit Debugger Mode bit
  1429                           ;	DEBUG = 0x1, unprogrammed default
  1430     2007                     	org	8199
  1431     2007  20D4               	dw	8404
  1432                           
  1433                           ;Config register CONFIG2 @ 0x2008
  1434                           ;	Brown-out Reset Selection bit
  1435                           ;	BOR4V = BOR40V, Brown-out Reset set to 4.0V
  1436                           ;	Flash Program Memory Self Write Enable bits
  1437                           ;	WRT = OFF, Write protection off
  1438     2008                     	org	8200
  1439     2008  3FFF               	dw	16383

Data Sizes:
    Strings     0
    Constant    0
    Data        0
    BSS         5
    Persistent  0
    Stack       0

Auto Spaces:
    Space          Size  Autos    Used
    COMMON           14      8      11
    BANK0            80      3       5
    BANK1            80      0       0
    BANK3            96      0       0
    BANK2            96      0       0

Pointer List with Targets:

    None.

Critical Paths under _main in COMMON

    _setup->_adc_init

Critical Paths under _isr in COMMON

    None.

Critical Paths under _main in BANK0

    _setup->_adc_init

Critical Paths under _isr in BANK0

    None.

Critical Paths under _main in BANK1

    None.

Critical Paths under _isr in BANK1

    None.

Critical Paths under _main in BANK3

    None.

Critical Paths under _isr in BANK3

    None.

Critical Paths under _main in BANK2

    None.

Critical Paths under _isr in BANK2

    None.

Call Graph Tables:

 ---------------------------------------------------------------------------------
 (Depth) Function   	        Calls       Base Space   Used Autos Params    Refs
 ---------------------------------------------------------------------------------
 (0) _main                                                 2     2      0     447
                                              1 BANK0      2     2      0
                           _adc_read
                              _setup
 ---------------------------------------------------------------------------------
 (1) _setup                                                0     0      0     447
                     _I2C_Slave_Init
                           _adc_init
 ---------------------------------------------------------------------------------
 (2) _adc_init                                             6     3      3     425
                                              3 COMMON     5     2      3
                                              0 BANK0      1     1      0
 ---------------------------------------------------------------------------------
 (2) _I2C_Slave_Init                                       1     1      0      22
                                              3 COMMON     1     1      0
 ---------------------------------------------------------------------------------
 (1) _adc_read                                             2     0      2       0
                                              3 COMMON     2     0      2
 ---------------------------------------------------------------------------------
 Estimated maximum stack depth 2
 ---------------------------------------------------------------------------------
 (Depth) Function   	        Calls       Base Space   Used Autos Params    Refs
 ---------------------------------------------------------------------------------
 (3) _isr                                                  3     3      0       0
                                              0 COMMON     3     3      0
 ---------------------------------------------------------------------------------
 Estimated maximum stack depth 3
 ---------------------------------------------------------------------------------

 Call Graph Graphs:

 _main (ROOT)
   _adc_read
   _setup
     _I2C_Slave_Init
     _adc_init

 _isr (ROOT)

 Address spaces:
Name               Size   Autos  Total    Cost      Usage
BITCOMMON            E      0       0       0        0.0%
EEDATA             100      0       0       0        0.0%
NULL                 0      0       0       0        0.0%
CODE                 0      0       0       0        0.0%
COMMON               E      8       B       1       78.6%
BITSFR0              0      0       0       1        0.0%
SFR0                 0      0       0       1        0.0%
BITSFR1              0      0       0       2        0.0%
SFR1                 0      0       0       2        0.0%
STACK                0      0       0       2        0.0%
ABS                  0      0      10       3        0.0%
BITBANK0            50      0       0       4        0.0%
BITSFR3              0      0       0       4        0.0%
SFR3                 0      0       0       4        0.0%
BANK0               50      3       5       5        6.2%
BITSFR2              0      0       0       5        0.0%
SFR2                 0      0       0       5        0.0%
BITBANK1            50      0       0       6        0.0%
BANK1               50      0       0       7        0.0%
BITBANK3            60      0       0       8        0.0%
BANK3               60      0       0       9        0.0%
BITBANK2            60      0       0      10        0.0%
BANK2               60      0       0      11        0.0%
DATA                 0      0      10      12        0.0%


Microchip Technology PIC Macro Assembler V2.41 build 20230208172133 
Symbol Table                                                                                   Sun Aug 20 22:18:51 2023

                     _BF 04A0                       l23 00D2                       l26 0155  
                     l29 015F                      l235 0151                      l180 0137  
                    _CKP 00A4                      _GIE 005F                      _RA1 0029  
                    _RD3 0043                      _RD4 0044                      _RD5 0045  
                    _RD6 0046                      _RD7 0047                      u510 0095  
                    u511 0091                      u504 008E                      u370 0159  
                    u371 0158                      u524 0098                      u470 0081  
                    u471 007D                      u537 0107                      u490 008B  
                    u491 0087                      u484 0084                      _SCS 0478  
                    _isr 001A                     l1301 00B1                     l1151 0148  
                   l1303 00C7                     l1311 010F                     l1161 0152  
                   l1153 0149                     l1305 00D1                     l1401 00B9  
                   l1321 0127                     l1313 0113                     l1163 0159  
                   l1155 014A                     l1147 0139                     l1323 0131  
                   l1315 0114                     l1331 00E6                     l1157 014B  
                   l1149 0147                     l1317 0122                     l1333 00E9  
                   l1341 00FF                     l1325 00D3                     l1159 014E  
                   l1319 0126                     l1335 00EC                     l1327 00D8  
                   l1329 00DF                     l1291 0099                     l1339 00EF  
                   l1293 009E                     l1295 00A5                     l1297 00AC  
                   l1289 007A                     l1399 00F7                     _ADFM 04FF  
                   ?_isr 0070                     _ADON 00F8                     _PEIE 005E  
                   _WCOL 00A7                     _D_nA 04A5                     _R_nW 04A2  
                   _main 00D3                     btemp 007E                     start 000C  
                  ??_isr 0070                    ?_main 0070                    _ANSEL 0188  
                  i1l161 0067                    i1l155 004E                    i1l156 003E  
                  i1l164 0070                    i1l159 006D                    _VCFG0 04FC  
                  _VCFG1 04FD                    u40_20 0029                    u40_21 0028  
                  u41_20 0034                    u41_21 0033                    u42_20 0038  
                  u42_21 0037                    u43_20 0044                    u43_21 0043  
                  _PORTB 0006                    _PORTD 0008                    u44_20 0052  
                  u44_21 0051                    u45_20 0056                    u45_21 0055  
                  u46_20 006D                    u38_20 0020                    u46_21 006C  
                  u38_21 001F                    u54_27 004A                    u39_20 0025  
                  u39_21 0024                    u55_27 0064                    _TRISA 0085  
                  _TRISB 0086                    _TRISD 0088                    _SSPIE 0463  
                  _SSPIF 0063                    _SSPOV 00A6                    _setup 010F  
                  pclath 000A                    status 0003                    wtemp0 007E  
        __initialization 000F             __end_of_main 010F                   ??_main 0021  
                 _ADRESH 001E                   _ADRESL 009E                   ?_setup 0070  
                 _ANSELH 0189         __end_of_adc_init 00D3         __end_of_adc_read 0160  
                 i1l1201 003C                   i1l1211 005A                   i1l1203 003D  
                 i1l1213 0061                   i1l1205 0044                   i1l1207 0052  
                 i1l1209 0056                   i1l1181 001A                   i1l1191 002C  
                 i1l1183 0020                   i1l1193 002D                   i1l1185 0025  
                 i1l1195 002E                   i1l1187 0029                   i1l1197 0034  
                 i1l1189 002B                   i1l1199 0038                   _SSPADD 0093  
                 _TRISC3 043B                   _TRISC4 043C                   _SSPBUF 0013  
                 _SSPCON 0014                   saved_w 007E  __end_of__initialization 0016  
         __pcstackCOMMON 0070            __end_of_setup 0138                  ??_setup 0078  
  I2C_Slave_Init@address 0073               __pbssBANK0 0023               __pmaintext 00D3  
             __pintentry 0004                ?_adc_init 0073                ?_adc_read 0073  
                _MQ2_val 0078                  _SSPCON2 0091                  _SSPSTAT 0094  
                _IR_sens 0023               ??_adc_init 0076               ??_adc_read 0075  
                __ptext1 010F                  __ptext2 0077                  __ptext3 0138  
                __ptext4 0152                  __ptext5 001A                  _discard 0024  
                _request 0079     end_of_initialization 0016           _I2C_Slave_Init 0138  
              _PORTDbits 0008                _TRISCbits 0087   __end_of_I2C_Slave_Init 0152  
    start_initialization 000F              __end_of_isr 0077          ?_I2C_Slave_Init 0070  
        adc_init@channel 0075              __pbssCOMMON 0078                ___latbits 0002  
          __pcstackBANK0 0020            adc_init@clock 0074                adc_init@J 0020  
              adc_init@R 0073        interrupt_function 0004                _send_data 007A  
             _ADCON0bits 001F                 _adc_init 0077                 _adc_read 0152  
       ??_I2C_Slave_Init 0073                 intlevel1 0000               _OSCCONbits 008F  
            _SSPCON2bits 0091  
