

Microchip MPLAB XC8 Assembler V2.41 build 20230208172133 
                                                                                               Tue Aug 22 16:28:00 2023

Microchip MPLAB XC8 C Compiler v2.41 (Free license) build 20230208172133 Og1 
     1                           	processor	16F887
     2                           	pagewidth 120
     3                           	opt	flic
     4                           	psect	idataCOMMON,global,class=CODE,delta=2,noexec
     5                           	psect	cinit,global,class=CODE,merge=1,delta=2
     6                           	psect	bssCOMMON,global,class=COMMON,space=1,delta=1,noexec
     7                           	psect	dataCOMMON,global,class=COMMON,space=1,delta=1,noexec
     8                           	psect	bssBANK0,global,class=BANK0,space=1,delta=1,noexec
     9                           	psect	cstackCOMMON,global,class=COMMON,space=1,delta=1,noexec
    10                           	psect	cstackBANK0,global,class=BANK0,space=1,delta=1,noexec
    11                           	psect	maintext,global,class=CODE,split=1,delta=2
    12                           	psect	text1,local,class=CODE,merge=1,delta=2
    13                           	psect	text2,local,class=CODE,merge=1,delta=2
    14                           	psect	text3,local,class=CODE,merge=1,delta=2
    15                           	psect	text4,local,class=CODE,merge=1,delta=2
    16                           	psect	text5,local,class=CODE,merge=1,delta=2
    17                           	psect	text6,local,class=CODE,merge=1,delta=2
    18                           	psect	text7,local,class=CODE,merge=1,delta=2
    19                           	psect	intentry,global,class=CODE,delta=2
    20                           	psect	config,global,abs,ovrld,class=CONFIG,space=4,delta=2,noexec
    21                           	dabs	1,0x7E,2
    22     0000                     
    23                           ; Generated 22/03/2023 GMT
    24                           ; 
    25                           ; Copyright © 2023, Microchip Technology Inc. and its subsidiaries ("Microchip")
    26                           ; All rights reserved.
    27                           ; 
    28                           ; This software is developed by Microchip Technology Inc. and its subsidiaries ("Microch
      +                          ip").
    29                           ; 
    30                           ; Redistribution and use in source and binary forms, with or without modification, are
    31                           ; permitted provided that the following conditions are met:
    32                           ; 
    33                           ;     1. Redistributions of source code must retain the above copyright notice, this lis
      +                          t of
    34                           ;        conditions and the following disclaimer.
    35                           ; 
    36                           ;     2. Redistributions in binary form must reproduce the above copyright notice, this 
      +                          list
    37                           ;        of conditions and the following disclaimer in the documentation and/or other
    38                           ;        materials provided with the distribution. Publication is not required when
    39                           ;        this file is used in an embedded application.
    40                           ; 
    41                           ;     3. Microchip's name may not be used to endorse or promote products derived from th
      +                          is
    42                           ;        software without specific prior written permission.
    43                           ; 
    44                           ; THIS SOFTWARE IS PROVIDED BY MICROCHIP "AS IS" AND ANY EXPRESS OR IMPLIED WARRANTIES,
    45                           ; INCLUDING, BUT NOT LIMITED TO, THE IMPLIED WARRANTIES OF MERCHANTABILITY AND FITNESS F
      +                          OR
    46                           ; PURPOSE ARE DISCLAIMED.  IN NO EVENT SHALL MICROCHIP BE LIABLE FOR ANY DIRECT, INDIREC
      +                          T,
    47                           ; INCIDENTAL, SPECIAL, EXEMPLARY, OR CONSEQUENTIAL DAMAGES (INCLUDING BUT NOT LIMITED TO
    48                           ; PROCUREMENT OF SUBSTITUTE GOODS OR SERVICES; LOSS OF USE, DATA OR PROFITS; OR BUSINESS
    49                           ; INTERRUPTION) HOWSOEVER CAUSED AND ON ANY THEORY OF LIABILITY, WHETHER IN CONTRACT, ST
      +                          RICT
    50                           ; LIABILITY, OR TORT (INCLUDING NEGLIGENCE OR OTHERWISE) ARISING IN ANY WAY OUT OF THE U
      +                          SE OF
    51                           ; THIS SOFTWARE, EVEN IF ADVISED OF THE POSSIBILITY OF SUCH DAMAGE.
    52                           ; 
    53                           ; 
    54                           ; Code-generator required, PIC16F887 Definitions
    55                           ; 
    56                           ; SFR Addresses
    57     0000                     	;# 
    58     0001                     	;# 
    59     0002                     	;# 
    60     0003                     	;# 
    61     0004                     	;# 
    62     0005                     	;# 
    63     0006                     	;# 
    64     0007                     	;# 
    65     0008                     	;# 
    66     0009                     	;# 
    67     000A                     	;# 
    68     000B                     	;# 
    69     000C                     	;# 
    70     000D                     	;# 
    71     000E                     	;# 
    72     000E                     	;# 
    73     000F                     	;# 
    74     0010                     	;# 
    75     0011                     	;# 
    76     0012                     	;# 
    77     0013                     	;# 
    78     0014                     	;# 
    79     0015                     	;# 
    80     0015                     	;# 
    81     0016                     	;# 
    82     0017                     	;# 
    83     0018                     	;# 
    84     0019                     	;# 
    85     001A                     	;# 
    86     001B                     	;# 
    87     001B                     	;# 
    88     001C                     	;# 
    89     001D                     	;# 
    90     001E                     	;# 
    91     001F                     	;# 
    92     0081                     	;# 
    93     0085                     	;# 
    94     0086                     	;# 
    95     0087                     	;# 
    96     0088                     	;# 
    97     0089                     	;# 
    98     008C                     	;# 
    99     008D                     	;# 
   100     008E                     	;# 
   101     008F                     	;# 
   102     0090                     	;# 
   103     0091                     	;# 
   104     0092                     	;# 
   105     0093                     	;# 
   106     0093                     	;# 
   107     0093                     	;# 
   108     0094                     	;# 
   109     0095                     	;# 
   110     0096                     	;# 
   111     0097                     	;# 
   112     0098                     	;# 
   113     0099                     	;# 
   114     009A                     	;# 
   115     009B                     	;# 
   116     009C                     	;# 
   117     009D                     	;# 
   118     009E                     	;# 
   119     009F                     	;# 
   120     0105                     	;# 
   121     0107                     	;# 
   122     0108                     	;# 
   123     0109                     	;# 
   124     010C                     	;# 
   125     010C                     	;# 
   126     010D                     	;# 
   127     010E                     	;# 
   128     010F                     	;# 
   129     0185                     	;# 
   130     0187                     	;# 
   131     0188                     	;# 
   132     0189                     	;# 
   133     018C                     	;# 
   134     018D                     	;# 
   135     0000                     	;# 
   136     0001                     	;# 
   137     0002                     	;# 
   138     0003                     	;# 
   139     0004                     	;# 
   140     0005                     	;# 
   141     0006                     	;# 
   142     0007                     	;# 
   143     0008                     	;# 
   144     0009                     	;# 
   145     000A                     	;# 
   146     000B                     	;# 
   147     000C                     	;# 
   148     000D                     	;# 
   149     000E                     	;# 
   150     000E                     	;# 
   151     000F                     	;# 
   152     0010                     	;# 
   153     0011                     	;# 
   154     0012                     	;# 
   155     0013                     	;# 
   156     0014                     	;# 
   157     0015                     	;# 
   158     0015                     	;# 
   159     0016                     	;# 
   160     0017                     	;# 
   161     0018                     	;# 
   162     0019                     	;# 
   163     001A                     	;# 
   164     001B                     	;# 
   165     001B                     	;# 
   166     001C                     	;# 
   167     001D                     	;# 
   168     001E                     	;# 
   169     001F                     	;# 
   170     0081                     	;# 
   171     0085                     	;# 
   172     0086                     	;# 
   173     0087                     	;# 
   174     0088                     	;# 
   175     0089                     	;# 
   176     008C                     	;# 
   177     008D                     	;# 
   178     008E                     	;# 
   179     008F                     	;# 
   180     0090                     	;# 
   181     0091                     	;# 
   182     0092                     	;# 
   183     0093                     	;# 
   184     0093                     	;# 
   185     0093                     	;# 
   186     0094                     	;# 
   187     0095                     	;# 
   188     0096                     	;# 
   189     0097                     	;# 
   190     0098                     	;# 
   191     0099                     	;# 
   192     009A                     	;# 
   193     009B                     	;# 
   194     009C                     	;# 
   195     009D                     	;# 
   196     009E                     	;# 
   197     009F                     	;# 
   198     0105                     	;# 
   199     0107                     	;# 
   200     0108                     	;# 
   201     0109                     	;# 
   202     010C                     	;# 
   203     010C                     	;# 
   204     010D                     	;# 
   205     010E                     	;# 
   206     010F                     	;# 
   207     0185                     	;# 
   208     0187                     	;# 
   209     0188                     	;# 
   210     0189                     	;# 
   211     018C                     	;# 
   212     018D                     	;# 
   213     0000                     	;# 
   214     0001                     	;# 
   215     0002                     	;# 
   216     0003                     	;# 
   217     0004                     	;# 
   218     0005                     	;# 
   219     0006                     	;# 
   220     0007                     	;# 
   221     0008                     	;# 
   222     0009                     	;# 
   223     000A                     	;# 
   224     000B                     	;# 
   225     000C                     	;# 
   226     000D                     	;# 
   227     000E                     	;# 
   228     000E                     	;# 
   229     000F                     	;# 
   230     0010                     	;# 
   231     0011                     	;# 
   232     0012                     	;# 
   233     0013                     	;# 
   234     0014                     	;# 
   235     0015                     	;# 
   236     0015                     	;# 
   237     0016                     	;# 
   238     0017                     	;# 
   239     0018                     	;# 
   240     0019                     	;# 
   241     001A                     	;# 
   242     001B                     	;# 
   243     001B                     	;# 
   244     001C                     	;# 
   245     001D                     	;# 
   246     001E                     	;# 
   247     001F                     	;# 
   248     0081                     	;# 
   249     0085                     	;# 
   250     0086                     	;# 
   251     0087                     	;# 
   252     0088                     	;# 
   253     0089                     	;# 
   254     008C                     	;# 
   255     008D                     	;# 
   256     008E                     	;# 
   257     008F                     	;# 
   258     0090                     	;# 
   259     0091                     	;# 
   260     0092                     	;# 
   261     0093                     	;# 
   262     0093                     	;# 
   263     0093                     	;# 
   264     0094                     	;# 
   265     0095                     	;# 
   266     0096                     	;# 
   267     0097                     	;# 
   268     0098                     	;# 
   269     0099                     	;# 
   270     009A                     	;# 
   271     009B                     	;# 
   272     009C                     	;# 
   273     009D                     	;# 
   274     009E                     	;# 
   275     009F                     	;# 
   276     0105                     	;# 
   277     0107                     	;# 
   278     0108                     	;# 
   279     0109                     	;# 
   280     010C                     	;# 
   281     010C                     	;# 
   282     010D                     	;# 
   283     010E                     	;# 
   284     010F                     	;# 
   285     0185                     	;# 
   286     0187                     	;# 
   287     0188                     	;# 
   288     0189                     	;# 
   289     018C                     	;# 
   290     018D                     	;# 
   291     0000                     	;# 
   292     0001                     	;# 
   293     0002                     	;# 
   294     0003                     	;# 
   295     0004                     	;# 
   296     0005                     	;# 
   297     0006                     	;# 
   298     0007                     	;# 
   299     0008                     	;# 
   300     0009                     	;# 
   301     000A                     	;# 
   302     000B                     	;# 
   303     000C                     	;# 
   304     000D                     	;# 
   305     000E                     	;# 
   306     000E                     	;# 
   307     000F                     	;# 
   308     0010                     	;# 
   309     0011                     	;# 
   310     0012                     	;# 
   311     0013                     	;# 
   312     0014                     	;# 
   313     0015                     	;# 
   314     0015                     	;# 
   315     0016                     	;# 
   316     0017                     	;# 
   317     0018                     	;# 
   318     0019                     	;# 
   319     001A                     	;# 
   320     001B                     	;# 
   321     001B                     	;# 
   322     001C                     	;# 
   323     001D                     	;# 
   324     001E                     	;# 
   325     001F                     	;# 
   326     0081                     	;# 
   327     0085                     	;# 
   328     0086                     	;# 
   329     0087                     	;# 
   330     0088                     	;# 
   331     0089                     	;# 
   332     008C                     	;# 
   333     008D                     	;# 
   334     008E                     	;# 
   335     008F                     	;# 
   336     0090                     	;# 
   337     0091                     	;# 
   338     0092                     	;# 
   339     0093                     	;# 
   340     0093                     	;# 
   341     0093                     	;# 
   342     0094                     	;# 
   343     0095                     	;# 
   344     0096                     	;# 
   345     0097                     	;# 
   346     0098                     	;# 
   347     0099                     	;# 
   348     009A                     	;# 
   349     009B                     	;# 
   350     009C                     	;# 
   351     009D                     	;# 
   352     009E                     	;# 
   353     009F                     	;# 
   354     0105                     	;# 
   355     0107                     	;# 
   356     0108                     	;# 
   357     0109                     	;# 
   358     010C                     	;# 
   359     010C                     	;# 
   360     010D                     	;# 
   361     010E                     	;# 
   362     010F                     	;# 
   363     0185                     	;# 
   364     0187                     	;# 
   365     0188                     	;# 
   366     0189                     	;# 
   367     018C                     	;# 
   368     018D                     	;# 
   369     0000                     	;# 
   370     0001                     	;# 
   371     0002                     	;# 
   372     0003                     	;# 
   373     0004                     	;# 
   374     0005                     	;# 
   375     0006                     	;# 
   376     0007                     	;# 
   377     0008                     	;# 
   378     0009                     	;# 
   379     000A                     	;# 
   380     000B                     	;# 
   381     000C                     	;# 
   382     000D                     	;# 
   383     000E                     	;# 
   384     000E                     	;# 
   385     000F                     	;# 
   386     0010                     	;# 
   387     0011                     	;# 
   388     0012                     	;# 
   389     0013                     	;# 
   390     0014                     	;# 
   391     0015                     	;# 
   392     0015                     	;# 
   393     0016                     	;# 
   394     0017                     	;# 
   395     0018                     	;# 
   396     0019                     	;# 
   397     001A                     	;# 
   398     001B                     	;# 
   399     001B                     	;# 
   400     001C                     	;# 
   401     001D                     	;# 
   402     001E                     	;# 
   403     001F                     	;# 
   404     0081                     	;# 
   405     0085                     	;# 
   406     0086                     	;# 
   407     0087                     	;# 
   408     0088                     	;# 
   409     0089                     	;# 
   410     008C                     	;# 
   411     008D                     	;# 
   412     008E                     	;# 
   413     008F                     	;# 
   414     0090                     	;# 
   415     0091                     	;# 
   416     0092                     	;# 
   417     0093                     	;# 
   418     0093                     	;# 
   419     0093                     	;# 
   420     0094                     	;# 
   421     0095                     	;# 
   422     0096                     	;# 
   423     0097                     	;# 
   424     0098                     	;# 
   425     0099                     	;# 
   426     009A                     	;# 
   427     009B                     	;# 
   428     009C                     	;# 
   429     009D                     	;# 
   430     009E                     	;# 
   431     009F                     	;# 
   432     0105                     	;# 
   433     0107                     	;# 
   434     0108                     	;# 
   435     0109                     	;# 
   436     010C                     	;# 
   437     010C                     	;# 
   438     010D                     	;# 
   439     010E                     	;# 
   440     010F                     	;# 
   441     0185                     	;# 
   442     0187                     	;# 
   443     0188                     	;# 
   444     0189                     	;# 
   445     018C                     	;# 
   446     018D                     	;# 
   447                           
   448                           	psect	idataCOMMON
   449     01EC                     __pidataCOMMON:
   450                           
   451                           ;initializer for _counter
   452     01EC  34FA               	retlw	250
   453     0014                     _SSPCON	set	20
   454     0008                     _PORTDbits	set	8
   455     0013                     _SSPBUF	set	19
   456     005E                     _PEIE	set	94
   457     005F                     _GIE	set	95
   458     0040                     _RD0	set	64
   459     0043                     _RD3	set	67
   460     0047                     _RD7	set	71
   461     0046                     _RD6	set	70
   462     0045                     _RD5	set	69
   463     0044                     _RD4	set	68
   464     00A7                     _WCOL	set	167
   465     00A6                     _SSPOV	set	166
   466     00A4                     _CKP	set	164
   467     0063                     _SSPIF	set	99
   468     0091                     _SSPCON2bits	set	145
   469     0087                     _TRISCbits	set	135
   470     0094                     _SSPSTAT	set	148
   471     0093                     _SSPADD	set	147
   472     0091                     _SSPCON2	set	145
   473     008F                     _OSCCONbits	set	143
   474     0463                     _SSPIE	set	1123
   475     043C                     _TRISC4	set	1084
   476     043B                     _TRISC3	set	1083
   477     0440                     _TRISD0	set	1088
   478     0478                     _SCS	set	1144
   479     04A0                     _BF	set	1184
   480     04A2                     _R_nW	set	1186
   481     04A5                     _D_nA	set	1189
   482     0189                     _ANSELH	set	393
   483     0188                     _ANSEL	set	392
   484                           
   485                           	psect	cinit
   486     000F                     start_initialization:	
   487                           ; #config settings
   488                           
   489     000F                     __initialization:
   490                           
   491                           ; Initialize objects allocated to COMMON
   492     000F  120A  118A  21EC  120A  118A  	fcall	__pidataCOMMON	;fetch initializer
   493     0014  00F9               	movwf	__pdataCOMMON& (0+127)
   494                           
   495                           ; Clear objects allocated to BANK0
   496     0015  01A0               	clrf	__pbssBANK0& (0+127)
   497     0016  01A1               	clrf	(__pbssBANK0+1)& (0+127)
   498     0017  01A2               	clrf	(__pbssBANK0+2)& (0+127)
   499     0018  01A3               	clrf	(__pbssBANK0+3)& (0+127)
   500     0019  01A4               	clrf	(__pbssBANK0+4)& (0+127)
   501     001A  01A5               	clrf	(__pbssBANK0+5)& (0+127)
   502     001B  01A6               	clrf	(__pbssBANK0+6)& (0+127)
   503     001C  01A7               	clrf	(__pbssBANK0+7)& (0+127)
   504     001D  01A8               	clrf	(__pbssBANK0+8)& (0+127)
   505     001E  01A9               	clrf	(__pbssBANK0+9)& (0+127)
   506     001F  01AA               	clrf	(__pbssBANK0+10)& (0+127)
   507                           
   508                           ; Clear objects allocated to COMMON
   509     0020  01F7               	clrf	__pbssCOMMON& (0+127)
   510     0021  01F8               	clrf	(__pbssCOMMON+1)& (0+127)
   511     0022                     end_of_initialization:	
   512                           ;End of C runtime variable initialization code
   513                           
   514     0022                     __end_of__initialization:
   515     0022  0183               	clrf	3
   516     0023  120A  118A  28A0   	ljmp	_main	;jump to C main() function
   517                           
   518                           	psect	bssCOMMON
   519     0077                     __pbssCOMMON:
   520     0077                     _request:
   521     0077                     	ds	1
   522     0078                     _send_data:
   523     0078                     	ds	1
   524                           
   525                           	psect	dataCOMMON
   526     0079                     __pdataCOMMON:
   527     0079                     _counter:
   528     0079                     	ds	1
   529                           
   530                           	psect	bssBANK0
   531     0020                     __pbssBANK0:
   532     0020                     _bits:
   533     0020                     	ds	5
   534     0025                     _data_ok:
   535     0025                     	ds	1
   536     0026                     _discard:
   537     0026                     	ds	1
   538     0027                     _temperatura:
   539     0027                     	ds	2
   540     0029                     _humedad:
   541     0029                     	ds	2
   542                           
   543                           	psect	cstackCOMMON
   544     0070                     __pcstackCOMMON:
   545     0070                     ?_setup:
   546     0070                     ?_DHT11_start:	
   547                           ; 1 bytes @ 0x0
   548                           
   549     0070                     ?_I2C_Slave_Init:	
   550                           ; 1 bytes @ 0x0
   551                           
   552     0070                     ?_isr:	
   553                           ; 1 bytes @ 0x0
   554                           
   555     0070                     ??_isr:	
   556                           ; 1 bytes @ 0x0
   557                           
   558     0070                     ?_DHT11_response:	
   559                           ; 1 bytes @ 0x0
   560                           
   561     0070                     ?_DHT11_read_byte:	
   562                           ; 1 bytes @ 0x0
   563                           
   564     0070                     ?_main:	
   565                           ; 1 bytes @ 0x0
   566                           
   567                           
   568                           ; 2 bytes @ 0x0
   569     0070                     	ds	3
   570     0073                     ??_DHT11_start:
   571     0073                     ??_I2C_Slave_Init:	
   572                           ; 1 bytes @ 0x3
   573                           
   574     0073                     ??_DHT11_response:	
   575                           ; 1 bytes @ 0x3
   576                           
   577     0073                     ??_DHT11_read_byte:	
   578                           ; 1 bytes @ 0x3
   579                           
   580     0073                     I2C_Slave_Init@address:	
   581                           ; 1 bytes @ 0x3
   582                           
   583                           
   584                           ; 1 bytes @ 0x3
   585     0073                     	ds	1
   586     0074                     ??_setup:
   587     0074                     DHT11_read_byte@i:	
   588                           ; 1 bytes @ 0x4
   589                           
   590                           
   591                           ; 1 bytes @ 0x4
   592     0074                     	ds	1
   593     0075                     DHT11_read_byte@data:
   594                           
   595                           ; 1 bytes @ 0x5
   596     0075                     	ds	1
   597     0076                     ?_DHT11_read_data:
   598     0076                     DHT11_read_data@temp:	
   599                           ; 1 bytes @ 0x6
   600                           
   601                           
   602                           ; 1 bytes @ 0x6
   603     0076                     	ds	1
   604                           
   605                           	psect	cstackBANK0
   606     002B                     __pcstackBANK0:
   607     002B                     ??_DHT11_read_data:
   608                           
   609                           ; 1 bytes @ 0x0
   610     002B                     	ds	4
   611     002F                     DHT11_read_data@hum:
   612                           
   613                           ; 1 bytes @ 0x4
   614     002F                     	ds	1
   615     0030                     DHT11_read_data@parity:
   616                           
   617                           ; 1 bytes @ 0x5
   618     0030                     	ds	1
   619     0031                     ??_main:
   620                           
   621                           ; 1 bytes @ 0x6
   622     0031                     	ds	2
   623                           
   624                           	psect	maintext
   625     00A0                     __pmaintext:	
   626 ;;
   627 ;;Main: autosize = 0, tempsize = 2, incstack = 0, save=0
   628 ;;
   629 ;; *************** function _main *****************
   630 ;; Defined at:
   631 ;;		line 100 in file "slave_DHT11.c"
   632 ;; Parameters:    Size  Location     Type
   633 ;;		None
   634 ;; Auto vars:     Size  Location     Type
   635 ;;		None
   636 ;; Return value:  Size  Location     Type
   637 ;;                  2   70[None  ] int 
   638 ;; Registers used:
   639 ;;		wreg, fsr0l, fsr0h, status,2, status,0, btemp+1, pclath, cstack
   640 ;; Tracked objects:
   641 ;;		On entry : B00/0
   642 ;;		On exit  : 0/0
   643 ;;		Unchanged: 0/0
   644 ;; Data sizes:     COMMON   BANK0   BANK1   BANK3   BANK2
   645 ;;      Params:         0       0       0       0       0
   646 ;;      Locals:         0       0       0       0       0
   647 ;;      Temps:          0       2       0       0       0
   648 ;;      Totals:         0       2       0       0       0
   649 ;;Total ram usage:        2 bytes
   650 ;; Hardware stack levels required when called: 3
   651 ;; This function calls:
   652 ;;		_DHT11_read_data
   653 ;;		_DHT11_start
   654 ;;		_setup
   655 ;; This function is called by:
   656 ;;		Startup code after reset
   657 ;; This function uses a non-reentrant model
   658 ;;
   659                           
   660     00A0                     _main:	
   661                           ;psect for function _main
   662                           
   663     00A0                     l1344:	
   664                           ;incstack = 0
   665                           ; Regs used in _main: [wreg-fsr0h+status,2+status,0+btemp+1+pclath+cstack]
   666                           
   667     00A0  120A  118A  21CD  120A  118A  	fcall	_setup
   668     00A5  120A  118A  2198  120A  118A  	fcall	_DHT11_start
   669     00AA                     l1346:
   670     00AA  3034               	movlw	52
   671     00AB  1283               	bcf	3,5	;RP0=0, select bank0
   672     00AC  1303               	bcf	3,6	;RP1=0, select bank0
   673     00AD  00B2               	movwf	??_main+1
   674     00AE  30F1               	movlw	241
   675     00AF  00B1               	movwf	??_main
   676     00B0                     u597:
   677     00B0  0BB1               	decfsz	??_main,f
   678     00B1  28B0               	goto	u597
   679     00B2  0BB2               	decfsz	??_main+1,f
   680     00B3  28B0               	goto	u597
   681     00B4                     l1348:
   682     00B4  120A  118A  2198  120A  118A  	fcall	_DHT11_start
   683     00B9  3034               	movlw	52
   684     00BA  1283               	bcf	3,5	;RP0=0, select bank0
   685     00BB  1303               	bcf	3,6	;RP1=0, select bank0
   686     00BC  00B2               	movwf	??_main+1
   687     00BD  30F1               	movlw	241
   688     00BE  00B1               	movwf	??_main
   689     00BF                     u607:
   690     00BF  0BB1               	decfsz	??_main,f
   691     00C0  28BF               	goto	u607
   692     00C1  0BB2               	decfsz	??_main+1,f
   693     00C2  28BF               	goto	u607
   694     00C3                     l71:
   695     00C3  30FA               	movlw	250
   696     00C4  0279               	subwf	_counter,w
   697     00C5  1C03               	skipc
   698     00C6  28C8               	goto	u581
   699     00C7  28C9               	goto	u580
   700     00C8                     u581:
   701     00C8  28E5               	goto	l1366
   702     00C9                     u580:
   703     00C9                     l1350:
   704     00C9  3027               	movlw	(low (_temperatura| 0))& (0+255)
   705     00CA  00F6               	movwf	DHT11_read_data@temp
   706     00CB  3029               	movlw	(low (_humedad| 0))& (0+255)
   707     00CC  120A  118A  2026  120A  118A  	fcall	_DHT11_read_data
   708     00D1  1283               	bcf	3,5	;RP0=0, select bank0
   709     00D2  1303               	bcf	3,6	;RP1=0, select bank0
   710     00D3  00A5               	movwf	_data_ok
   711     00D4                     l1352:
   712     00D4  01F9               	clrf	_counter
   713     00D5  28E5               	goto	l1366
   714     00D6                     l1354:
   715     00D6  0828               	movf	_temperatura+1,w
   716     00D7  00F8               	movwf	_send_data
   717     00D8  28FD               	goto	l1368
   718     00D9                     l1356:
   719     00D9  0827               	movf	_temperatura,w
   720     00DA  00F8               	movwf	_send_data
   721     00DB  28FD               	goto	l1368
   722     00DC                     l1358:
   723     00DC  082A               	movf	_humedad+1,w
   724     00DD  00F8               	movwf	_send_data
   725     00DE  28FD               	goto	l1368
   726     00DF                     l1360:
   727     00DF  0829               	movf	_humedad,w
   728     00E0  00F8               	movwf	_send_data
   729     00E1  28FD               	goto	l1368
   730     00E2                     l1362:
   731     00E2  30FF               	movlw	255
   732     00E3  00F8               	movwf	_send_data
   733     00E4  28FD               	goto	l1368
   734     00E5                     l1366:
   735     00E5  0877               	movf	_request,w
   736     00E6  1283               	bcf	3,5	;RP0=0, select bank0
   737     00E7  1303               	bcf	3,6	;RP1=0, select bank0
   738     00E8  00B1               	movwf	??_main
   739     00E9  01B2               	clrf	??_main+1
   740                           
   741                           ; Switch on 2 bytes has been partitioned into a top level switch of size 1, and 1 sub-sw
      +                          itches
   742                           ; Switch size 1, requested type "simple"
   743                           ; Number of cases is 1, Range of values is 0 to 0
   744                           ; switch strategies available:
   745                           ; Name         Instructions Cycles
   746                           ; simple_byte            4     3 (average)
   747                           ; direct_byte           11     8 (fixed)
   748                           ; jumptable            260     6 (fixed)
   749                           ;	Chosen strategy is simple_byte
   750     00EA  0832               	movf	??_main+1,w
   751     00EB  3A00               	xorlw	0	; case 0
   752     00EC  1903               	skipnz
   753     00ED  28EF               	goto	l1408
   754     00EE  28E2               	goto	l1362
   755     00EF                     l1408:
   756                           
   757                           ; Switch size 1, requested type "simple"
   758                           ; Number of cases is 4, Range of values is 72 to 116
   759                           ; switch strategies available:
   760                           ; Name         Instructions Cycles
   761                           ; simple_byte           13     7 (average)
   762                           ; direct_byte          146    11 (fixed)
   763                           ; jumptable            263     9 (fixed)
   764                           ;	Chosen strategy is simple_byte
   765     00EF  0831               	movf	??_main,w
   766     00F0  3A48               	xorlw	72	; case 72
   767     00F1  1903               	skipnz
   768     00F2  28DC               	goto	l1358
   769     00F3  3A1C               	xorlw	28	; case 84
   770     00F4  1903               	skipnz
   771     00F5  28D6               	goto	l1354
   772     00F6  3A3C               	xorlw	60	; case 104
   773     00F7  1903               	skipnz
   774     00F8  28DF               	goto	l1360
   775     00F9  3A1C               	xorlw	28	; case 116
   776     00FA  1903               	skipnz
   777     00FB  28D9               	goto	l1356
   778     00FC  28E2               	goto	l1362
   779     00FD                     l1368:
   780     00FD  3001               	movlw	1
   781     00FE  00FF               	movwf	btemp+1
   782     00FF  087F               	movf	btemp+1,w
   783     0100  07F9               	addwf	_counter,f
   784     0101                     l1370:
   785     0101  301A               	movlw	26
   786     0102  1283               	bcf	3,5	;RP0=0, select bank0
   787     0103  1303               	bcf	3,6	;RP1=0, select bank0
   788     0104  00B2               	movwf	??_main+1
   789     0105  30F7               	movlw	247
   790     0106  00B1               	movwf	??_main
   791     0107                     u617:
   792     0107  0BB1               	decfsz	??_main,f
   793     0108  2907               	goto	u617
   794     0109  0BB2               	decfsz	??_main+1,f
   795     010A  2907               	goto	u617
   796     010B  290C               	nop2
   797     010C  28C3               	goto	l71
   798     010D  120A  118A  280C   	ljmp	start
   799     0110                     __end_of_main:
   800                           
   801                           	psect	text1
   802     01CD                     __ptext1:	
   803 ;; *************** function _setup *****************
   804 ;; Defined at:
   805 ;;		line 153 in file "slave_DHT11.c"
   806 ;; Parameters:    Size  Location     Type
   807 ;;		None
   808 ;; Auto vars:     Size  Location     Type
   809 ;;		None
   810 ;; Return value:  Size  Location     Type
   811 ;;                  1    wreg      void 
   812 ;; Registers used:
   813 ;;		wreg, status,2, status,0, pclath, cstack
   814 ;; Tracked objects:
   815 ;;		On entry : 0/0
   816 ;;		On exit  : 0/0
   817 ;;		Unchanged: 0/0
   818 ;; Data sizes:     COMMON   BANK0   BANK1   BANK3   BANK2
   819 ;;      Params:         0       0       0       0       0
   820 ;;      Locals:         0       0       0       0       0
   821 ;;      Temps:          0       0       0       0       0
   822 ;;      Totals:         0       0       0       0       0
   823 ;;Total ram usage:        0 bytes
   824 ;; Hardware stack levels used: 1
   825 ;; Hardware stack levels required when called: 2
   826 ;; This function calls:
   827 ;;		_I2C_Slave_Init
   828 ;; This function is called by:
   829 ;;		_main
   830 ;; This function uses a non-reentrant model
   831 ;;
   832                           
   833     01CD                     _setup:	
   834                           ;psect for function _setup
   835                           
   836     01CD                     l1174:	
   837                           ;incstack = 0
   838                           ; Regs used in _setup: [wreg+status,2+status,0+pclath+cstack]
   839                           
   840                           
   841                           ;slave_DHT11.c: 154:     ANSEL = 0;
   842     01CD  1683               	bsf	3,5	;RP0=1, select bank3
   843     01CE  1703               	bsf	3,6	;RP1=1, select bank3
   844     01CF  0188               	clrf	8	;volatile
   845                           
   846                           ;slave_DHT11.c: 155:     ANSELH= 0;
   847     01D0  0189               	clrf	9	;volatile
   848     01D1                     l1176:
   849                           
   850                           ;slave_DHT11.c: 158:     OSCCONbits.IRCF = 0b111;
   851     01D1  3070               	movlw	112
   852     01D2  1683               	bsf	3,5	;RP0=1, select bank1
   853     01D3  1303               	bcf	3,6	;RP1=0, select bank1
   854     01D4  048F               	iorwf	15,f	;volatile
   855     01D5                     l1178:
   856                           
   857                           ;slave_DHT11.c: 159:     SCS = 1;
   858     01D5  140F               	bsf	15,0	;volatile
   859     01D6                     l1180:
   860                           
   861                           ;slave_DHT11.c: 162:     I2C_Slave_Init(0x10);
   862     01D6  3010               	movlw	16
   863     01D7  120A  118A  21B3  120A  118A  	fcall	_I2C_Slave_Init
   864     01DC                     l85:
   865     01DC  0008               	return
   866     01DD                     __end_of_setup:
   867                           
   868                           	psect	text2
   869     01B3                     __ptext2:	
   870 ;; *************** function _I2C_Slave_Init *****************
   871 ;; Defined at:
   872 ;;		line 93 in file "../PIC_MASTER.X/I2C.c"
   873 ;; Parameters:    Size  Location     Type
   874 ;;  address         1    wreg     unsigned char 
   875 ;; Auto vars:     Size  Location     Type
   876 ;;  address         1    3[COMMON] unsigned char 
   877 ;; Return value:  Size  Location     Type
   878 ;;                  1    wreg      void 
   879 ;; Registers used:
   880 ;;		wreg
   881 ;; Tracked objects:
   882 ;;		On entry : 0/0
   883 ;;		On exit  : 0/0
   884 ;;		Unchanged: 0/0
   885 ;; Data sizes:     COMMON   BANK0   BANK1   BANK3   BANK2
   886 ;;      Params:         0       0       0       0       0
   887 ;;      Locals:         1       0       0       0       0
   888 ;;      Temps:          0       0       0       0       0
   889 ;;      Totals:         1       0       0       0       0
   890 ;;Total ram usage:        1 bytes
   891 ;; Hardware stack levels used: 1
   892 ;; Hardware stack levels required when called: 1
   893 ;; This function calls:
   894 ;;		Nothing
   895 ;; This function is called by:
   896 ;;		_setup
   897 ;; This function uses a non-reentrant model
   898 ;;
   899                           
   900     01B3                     _I2C_Slave_Init:	
   901                           ;psect for function _I2C_Slave_Init
   902                           
   903                           
   904                           ;incstack = 0
   905                           ; Regs used in _I2C_Slave_Init: [wreg]
   906                           ;I2C_Slave_Init@address stored from wreg
   907     01B3  00F3               	movwf	I2C_Slave_Init@address
   908     01B4                     l1136:
   909                           
   910                           ;../PIC_MASTER.X/I2C.c: 93: void I2C_Slave_Init(uint8_t address);../PIC_MASTER.X/I2C.c: 
      +                          94: {;../PIC_MASTER.X/I2C.c: 95:     SSPADD = address;
   911     01B4  0873               	movf	I2C_Slave_Init@address,w
   912     01B5  1683               	bsf	3,5	;RP0=1, select bank1
   913     01B6  1303               	bcf	3,6	;RP1=0, select bank1
   914     01B7  0093               	movwf	19	;volatile
   915                           
   916                           ;../PIC_MASTER.X/I2C.c: 96:     SSPCON = 0x36;
   917     01B8  3036               	movlw	54
   918     01B9  1283               	bcf	3,5	;RP0=0, select bank0
   919     01BA  1303               	bcf	3,6	;RP1=0, select bank0
   920     01BB  0094               	movwf	20	;volatile
   921                           
   922                           ;../PIC_MASTER.X/I2C.c: 97:     SSPSTAT = 0x80;
   923     01BC  3080               	movlw	128
   924     01BD  1683               	bsf	3,5	;RP0=1, select bank1
   925     01BE  1303               	bcf	3,6	;RP1=0, select bank1
   926     01BF  0094               	movwf	20	;volatile
   927                           
   928                           ;../PIC_MASTER.X/I2C.c: 98:     SSPCON2 = 0x01;
   929     01C0  3001               	movlw	1
   930     01C1  0091               	movwf	17	;volatile
   931     01C2                     l1138:
   932                           
   933                           ;../PIC_MASTER.X/I2C.c: 99:     TRISC3 = 1;
   934     01C2  1587               	bsf	7,3	;volatile
   935     01C3                     l1140:
   936                           
   937                           ;../PIC_MASTER.X/I2C.c: 100:     TRISC4 = 1;
   938     01C3  1607               	bsf	7,4	;volatile
   939     01C4                     l1142:
   940                           
   941                           ;../PIC_MASTER.X/I2C.c: 101:     GIE = 1;
   942     01C4  178B               	bsf	11,7	;volatile
   943     01C5                     l1144:
   944                           
   945                           ;../PIC_MASTER.X/I2C.c: 102:     PEIE = 1;
   946     01C5  170B               	bsf	11,6	;volatile
   947     01C6                     l1146:
   948                           
   949                           ;../PIC_MASTER.X/I2C.c: 103:     SSPIF = 0;
   950     01C6  1283               	bcf	3,5	;RP0=0, select bank0
   951     01C7  1303               	bcf	3,6	;RP1=0, select bank0
   952     01C8  118C               	bcf	12,3	;volatile
   953     01C9                     l1148:
   954                           
   955                           ;../PIC_MASTER.X/I2C.c: 104:     SSPIE = 1;
   956     01C9  1683               	bsf	3,5	;RP0=1, select bank1
   957     01CA  1303               	bcf	3,6	;RP1=0, select bank1
   958     01CB  158C               	bsf	12,3	;volatile
   959     01CC                     l236:
   960     01CC  0008               	return
   961     01CD                     __end_of_I2C_Slave_Init:
   962                           
   963                           	psect	text3
   964     0026                     __ptext3:	
   965 ;; *************** function _DHT11_read_data *****************
   966 ;; Defined at:
   967 ;;		line 48 in file "DHT11.c"
   968 ;; Parameters:    Size  Location     Type
   969 ;;  hum             1    wreg     PTR int 
   970 ;;		 -> humedad(2), 
   971 ;;  temp            1    6[COMMON] PTR int 
   972 ;;		 -> temperatura(2), 
   973 ;; Auto vars:     Size  Location     Type
   974 ;;  hum             1    4[BANK0 ] PTR int 
   975 ;;		 -> humedad(2), 
   976 ;;  parity          1    5[BANK0 ] char 
   977 ;; Return value:  Size  Location     Type
   978 ;;                  1    wreg      char 
   979 ;; Registers used:
   980 ;;		wreg, fsr0l, fsr0h, status,2, status,0, btemp+1, pclath, cstack
   981 ;; Tracked objects:
   982 ;;		On entry : 0/0
   983 ;;		On exit  : 0/0
   984 ;;		Unchanged: 0/0
   985 ;; Data sizes:     COMMON   BANK0   BANK1   BANK3   BANK2
   986 ;;      Params:         1       0       0       0       0
   987 ;;      Locals:         0       2       0       0       0
   988 ;;      Temps:          0       4       0       0       0
   989 ;;      Totals:         1       6       0       0       0
   990 ;;Total ram usage:        7 bytes
   991 ;; Hardware stack levels used: 1
   992 ;; Hardware stack levels required when called: 2
   993 ;; This function calls:
   994 ;;		_DHT11_read_byte
   995 ;;		_DHT11_response
   996 ;;		_DHT11_start
   997 ;; This function is called by:
   998 ;;		_main
   999 ;; This function uses a non-reentrant model
  1000 ;;
  1001                           
  1002     0026                     _DHT11_read_data:	
  1003                           ;psect for function _DHT11_read_data
  1004                           
  1005                           
  1006                           ;incstack = 0
  1007                           ; Regs used in _DHT11_read_data: [wreg-fsr0h+status,2+status,0+btemp+1+pclath+cstack]
  1008                           ;DHT11_read_data@hum stored from wreg
  1009     0026  1283               	bcf	3,5	;RP0=0, select bank0
  1010     0027  1303               	bcf	3,6	;RP1=0, select bank0
  1011     0028  00AF               	movwf	DHT11_read_data@hum
  1012     0029                     l1312:
  1013     0029                     l1314:
  1014                           
  1015                           ;DHT11.c: 51:    DHT11_start();
  1016     0029  120A  118A  2198  120A  118A  	fcall	_DHT11_start
  1017     002E                     l1316:
  1018                           
  1019                           ;DHT11.c: 52:    DHT11_response();
  1020     002E  120A  118A  21DD  120A  118A  	fcall	_DHT11_response
  1021     0033                     l1318:
  1022                           
  1023                           ;DHT11.c: 53:    bits[0] = DHT11_read_byte();
  1024     0033  120A  118A  216D  120A  118A  	fcall	_DHT11_read_byte
  1025     0038  1283               	bcf	3,5	;RP0=0, select bank0
  1026     0039  1303               	bcf	3,6	;RP1=0, select bank0
  1027     003A  00A0               	movwf	_bits
  1028     003B                     l1320:
  1029                           
  1030                           ;DHT11.c: 54:    bits[1] = DHT11_read_byte();
  1031     003B  120A  118A  216D  120A  118A  	fcall	_DHT11_read_byte
  1032     0040  1283               	bcf	3,5	;RP0=0, select bank0
  1033     0041  1303               	bcf	3,6	;RP1=0, select bank0
  1034     0042  00A1               	movwf	_bits+1
  1035     0043                     l1322:
  1036                           
  1037                           ;DHT11.c: 55:    bits[2] = DHT11_read_byte();
  1038     0043  120A  118A  216D  120A  118A  	fcall	_DHT11_read_byte
  1039     0048  1283               	bcf	3,5	;RP0=0, select bank0
  1040     0049  1303               	bcf	3,6	;RP1=0, select bank0
  1041     004A  00A2               	movwf	_bits+2
  1042     004B                     l1324:
  1043                           
  1044                           ;DHT11.c: 56:    bits[3] = DHT11_read_byte();
  1045     004B  120A  118A  216D  120A  118A  	fcall	_DHT11_read_byte
  1046     0050  1283               	bcf	3,5	;RP0=0, select bank0
  1047     0051  1303               	bcf	3,6	;RP1=0, select bank0
  1048     0052  00A3               	movwf	_bits+3
  1049     0053                     l1326:
  1050                           
  1051                           ;DHT11.c: 57:    bits[4] = DHT11_read_byte();
  1052     0053  120A  118A  216D  120A  118A  	fcall	_DHT11_read_byte
  1053     0058  1283               	bcf	3,5	;RP0=0, select bank0
  1054     0059  1303               	bcf	3,6	;RP1=0, select bank0
  1055     005A  00A4               	movwf	_bits+4
  1056     005B                     l1328:
  1057                           
  1058                           ;DHT11.c: 58:    parity = bits[0] + bits[1] + bits[2] + bits[3];
  1059     005B  0822               	movf	_bits+2,w
  1060     005C  0721               	addwf	_bits+1,w
  1061     005D  00AB               	movwf	??_DHT11_read_data
  1062     005E  0823               	movf	_bits+3,w
  1063     005F  072B               	addwf	??_DHT11_read_data,w
  1064     0060  00AC               	movwf	??_DHT11_read_data+1
  1065     0061  0820               	movf	_bits,w
  1066     0062  072C               	addwf	??_DHT11_read_data+1,w
  1067     0063  00B0               	movwf	DHT11_read_data@parity
  1068     0064                     l1330:
  1069                           
  1070                           ;DHT11.c: 59:    if (parity == bits[4]){
  1071     0064  0824               	movf	_bits+4,w
  1072     0065  0630               	xorwf	DHT11_read_data@parity,w
  1073     0066  1D03               	skipz
  1074     0067  2869               	goto	u551
  1075     0068  286A               	goto	u550
  1076     0069                     u551:
  1077     0069  289E               	goto	l1340
  1078     006A                     u550:
  1079     006A                     l1332:
  1080                           
  1081                           ;DHT11.c: 60:         *hum = bits[0]<<8 | bits[1];
  1082     006A  0820               	movf	_bits,w
  1083     006B  00AB               	movwf	??_DHT11_read_data
  1084     006C  01AC               	clrf	??_DHT11_read_data+1
  1085     006D  082B               	movf	??_DHT11_read_data,w
  1086     006E  00AC               	movwf	??_DHT11_read_data+1
  1087     006F  01AB               	clrf	??_DHT11_read_data
  1088     0070  0821               	movf	_bits+1,w
  1089     0071  042B               	iorwf	??_DHT11_read_data,w
  1090     0072  00AD               	movwf	??_DHT11_read_data+2
  1091     0073  01AE               	clrf	??_DHT11_read_data+3
  1092     0074  1FA1               	btfss	_bits+1,7
  1093     0075  2877               	goto	u564
  1094     0076  03AE               	decf	??_DHT11_read_data+3,f
  1095     0077                     u564:
  1096     0077  1283               	bcf	3,5	;RP0=0, select bank0
  1097     0078  1303               	bcf	3,6	;RP1=0, select bank0
  1098     0079  082C               	movf	??_DHT11_read_data+1,w
  1099     007A  04AE               	iorwf	??_DHT11_read_data+3,f
  1100     007B  082F               	movf	DHT11_read_data@hum,w
  1101     007C  0084               	movwf	4
  1102     007D  082D               	movf	??_DHT11_read_data+2,w
  1103     007E  1383               	bcf	3,7	;select IRP bank0
  1104     007F  0080               	movwf	0
  1105     0080  0A84               	incf	4,f
  1106     0081  082E               	movf	??_DHT11_read_data+3,w
  1107     0082  0080               	movwf	0
  1108                           
  1109                           ;DHT11.c: 61:         *temp = bits[2]<<8 | bits[3];
  1110     0083  0822               	movf	_bits+2,w
  1111     0084  00AB               	movwf	??_DHT11_read_data
  1112     0085  01AC               	clrf	??_DHT11_read_data+1
  1113     0086  082B               	movf	??_DHT11_read_data,w
  1114     0087  00AC               	movwf	??_DHT11_read_data+1
  1115     0088  01AB               	clrf	??_DHT11_read_data
  1116     0089  0823               	movf	_bits+3,w
  1117     008A  042B               	iorwf	??_DHT11_read_data,w
  1118     008B  00AD               	movwf	??_DHT11_read_data+2
  1119     008C  01AE               	clrf	??_DHT11_read_data+3
  1120     008D  1FA3               	btfss	_bits+3,7
  1121     008E  2890               	goto	u574
  1122     008F  03AE               	decf	??_DHT11_read_data+3,f
  1123     0090                     u574:
  1124     0090  1283               	bcf	3,5	;RP0=0, select bank0
  1125     0091  1303               	bcf	3,6	;RP1=0, select bank0
  1126     0092  082C               	movf	??_DHT11_read_data+1,w
  1127     0093  04AE               	iorwf	??_DHT11_read_data+3,f
  1128     0094  0876               	movf	DHT11_read_data@temp,w
  1129     0095  0084               	movwf	4
  1130     0096  082D               	movf	??_DHT11_read_data+2,w
  1131     0097  1383               	bcf	3,7	;select IRP bank0
  1132     0098  0080               	movwf	0
  1133     0099  0A84               	incf	4,f
  1134     009A  082E               	movf	??_DHT11_read_data+3,w
  1135     009B  0080               	movwf	0
  1136     009C                     l1334:
  1137                           
  1138                           ;DHT11.c: 62:     return 1;
  1139     009C  3001               	movlw	1
  1140     009D  289F               	goto	l180
  1141     009E                     l1340:
  1142                           
  1143                           ;DHT11.c: 65:       return 0;
  1144     009E  3000               	movlw	0
  1145     009F                     l180:
  1146     009F  0008               	return
  1147     00A0                     __end_of_DHT11_read_data:
  1148                           
  1149                           	psect	text4
  1150     0198                     __ptext4:	
  1151 ;; *************** function _DHT11_start *****************
  1152 ;; Defined at:
  1153 ;;		line 15 in file "DHT11.c"
  1154 ;; Parameters:    Size  Location     Type
  1155 ;;		None
  1156 ;; Auto vars:     Size  Location     Type
  1157 ;;		None
  1158 ;; Return value:  Size  Location     Type
  1159 ;;                  1    wreg      void 
  1160 ;; Registers used:
  1161 ;;		wreg
  1162 ;; Tracked objects:
  1163 ;;		On entry : 0/0
  1164 ;;		On exit  : 0/0
  1165 ;;		Unchanged: 0/0
  1166 ;; Data sizes:     COMMON   BANK0   BANK1   BANK3   BANK2
  1167 ;;      Params:         0       0       0       0       0
  1168 ;;      Locals:         0       0       0       0       0
  1169 ;;      Temps:          2       0       0       0       0
  1170 ;;      Totals:         2       0       0       0       0
  1171 ;;Total ram usage:        2 bytes
  1172 ;; Hardware stack levels used: 1
  1173 ;; Hardware stack levels required when called: 1
  1174 ;; This function calls:
  1175 ;;		Nothing
  1176 ;; This function is called by:
  1177 ;;		_main
  1178 ;;		_DHT11_read_data
  1179 ;; This function uses a non-reentrant model
  1180 ;;
  1181                           
  1182     0198                     _DHT11_start:	
  1183                           ;psect for function _DHT11_start
  1184                           
  1185     0198                     l1128:	
  1186                           ;incstack = 0
  1187                           ; Regs used in _DHT11_start: [wreg]
  1188                           
  1189                           
  1190                           ;DHT11.c: 16:     TRISD0 = 0;
  1191     0198  1683               	bsf	3,5	;RP0=1, select bank1
  1192     0199  1303               	bcf	3,6	;RP1=0, select bank1
  1193     019A  1008               	bcf	8,0	;volatile
  1194                           
  1195                           ;DHT11.c: 17:     RD0 = 0;
  1196     019B  1283               	bcf	3,5	;RP0=0, select bank0
  1197     019C  1303               	bcf	3,6	;RP1=0, select bank0
  1198     019D  1008               	bcf	8,0	;volatile
  1199     019E                     l1130:
  1200                           
  1201                           ;DHT11.c: 18:     _delay((unsigned long)((25)*(8000000/4000.0)));
  1202     019E  3041               	movlw	65
  1203     019F  00F4               	movwf	??_DHT11_start+1
  1204     01A0  30EE               	movlw	238
  1205     01A1  00F3               	movwf	??_DHT11_start
  1206     01A2                     u627:
  1207     01A2  0BF3               	decfsz	??_DHT11_start,f
  1208     01A3  29A2               	goto	u627
  1209     01A4  0BF4               	decfsz	??_DHT11_start+1,f
  1210     01A5  29A2               	goto	u627
  1211     01A6  0000               	nop
  1212     01A7                     l1132:
  1213                           
  1214                           ;DHT11.c: 19:     RD0 = 1;
  1215     01A7  1283               	bcf	3,5	;RP0=0, select bank0
  1216     01A8  1303               	bcf	3,6	;RP1=0, select bank0
  1217     01A9  1408               	bsf	8,0	;volatile
  1218     01AA                     l1134:
  1219                           
  1220                           ;DHT11.c: 20:     TRISD0 = 1;
  1221     01AA  1683               	bsf	3,5	;RP0=1, select bank1
  1222     01AB  1303               	bcf	3,6	;RP1=0, select bank1
  1223     01AC  1408               	bsf	8,0	;volatile
  1224                           
  1225                           ;DHT11.c: 21:     _delay((unsigned long)((30)*(8000000/4000000.0)));
  1226     01AD  3013               	movlw	19
  1227     01AE  00F3               	movwf	??_DHT11_start
  1228     01AF                     u637:
  1229     01AF  0BF3               	decfsz	??_DHT11_start,f
  1230     01B0  29AF               	goto	u637
  1231     01B1  29B2               	nop2
  1232     01B2                     l151:
  1233     01B2  0008               	return
  1234     01B3                     __end_of_DHT11_start:
  1235                           
  1236                           	psect	text5
  1237     01DD                     __ptext5:	
  1238 ;; *************** function _DHT11_response *****************
  1239 ;; Defined at:
  1240 ;;		line 24 in file "DHT11.c"
  1241 ;; Parameters:    Size  Location     Type
  1242 ;;		None
  1243 ;; Auto vars:     Size  Location     Type
  1244 ;;		None
  1245 ;; Return value:  Size  Location     Type
  1246 ;;                  1    wreg      void 
  1247 ;; Registers used:
  1248 ;;		None
  1249 ;; Tracked objects:
  1250 ;;		On entry : 0/0
  1251 ;;		On exit  : 0/0
  1252 ;;		Unchanged: 0/0
  1253 ;; Data sizes:     COMMON   BANK0   BANK1   BANK3   BANK2
  1254 ;;      Params:         0       0       0       0       0
  1255 ;;      Locals:         0       0       0       0       0
  1256 ;;      Temps:          0       0       0       0       0
  1257 ;;      Totals:         0       0       0       0       0
  1258 ;;Total ram usage:        0 bytes
  1259 ;; Hardware stack levels used: 1
  1260 ;; Hardware stack levels required when called: 1
  1261 ;; This function calls:
  1262 ;;		Nothing
  1263 ;; This function is called by:
  1264 ;;		_DHT11_read_data
  1265 ;; This function uses a non-reentrant model
  1266 ;;
  1267                           
  1268     01DD                     _DHT11_response:	
  1269                           ;psect for function _DHT11_response
  1270                           
  1271     01DD                     l1150:	
  1272                           ;incstack = 0
  1273                           ; Regs used in _DHT11_response: []
  1274                           
  1275     01DD                     l154:	
  1276                           ;DHT11.c: 25:     while(RD0 == 1);
  1277                           
  1278     01DD  1283               	bcf	3,5	;RP0=0, select bank0
  1279     01DE  1303               	bcf	3,6	;RP1=0, select bank0
  1280     01DF  1808               	btfsc	8,0	;volatile
  1281     01E0  29E2               	goto	u351
  1282     01E1  29E3               	goto	u350
  1283     01E2                     u351:
  1284     01E2  29DD               	goto	l154
  1285     01E3                     u350:
  1286     01E3                     l157:
  1287     01E3  1C08               	btfss	8,0	;volatile
  1288     01E4  29E6               	goto	u361
  1289     01E5  29E7               	goto	u360
  1290     01E6                     u361:
  1291     01E6  29E3               	goto	l157
  1292     01E7                     u360:
  1293     01E7                     l160:
  1294     01E7  1808               	btfsc	8,0	;volatile
  1295     01E8  29EA               	goto	u371
  1296     01E9  29EB               	goto	u370
  1297     01EA                     u371:
  1298     01EA  29E7               	goto	l160
  1299     01EB                     u370:
  1300     01EB                     l163:
  1301     01EB  0008               	return
  1302     01EC                     __end_of_DHT11_response:
  1303                           
  1304                           	psect	text6
  1305     016D                     __ptext6:	
  1306 ;; *************** function _DHT11_read_byte *****************
  1307 ;; Defined at:
  1308 ;;		line 30 in file "DHT11.c"
  1309 ;; Parameters:    Size  Location     Type
  1310 ;;		None
  1311 ;; Auto vars:     Size  Location     Type
  1312 ;;  data            1    5[COMMON] char 
  1313 ;;  i               1    4[COMMON] char 
  1314 ;; Return value:  Size  Location     Type
  1315 ;;                  1    wreg      char 
  1316 ;; Registers used:
  1317 ;;		wreg, status,2, status,0, btemp+1
  1318 ;; Tracked objects:
  1319 ;;		On entry : 0/0
  1320 ;;		On exit  : 0/0
  1321 ;;		Unchanged: 0/0
  1322 ;; Data sizes:     COMMON   BANK0   BANK1   BANK3   BANK2
  1323 ;;      Params:         0       0       0       0       0
  1324 ;;      Locals:         2       0       0       0       0
  1325 ;;      Temps:          1       0       0       0       0
  1326 ;;      Totals:         3       0       0       0       0
  1327 ;;Total ram usage:        3 bytes
  1328 ;; Hardware stack levels used: 1
  1329 ;; Hardware stack levels required when called: 1
  1330 ;; This function calls:
  1331 ;;		Nothing
  1332 ;; This function is called by:
  1333 ;;		_DHT11_read_data
  1334 ;; This function uses a non-reentrant model
  1335 ;;
  1336                           
  1337     016D                     _DHT11_read_byte:	
  1338                           ;psect for function _DHT11_read_byte
  1339                           
  1340     016D                     l1152:	
  1341                           ;incstack = 0
  1342                           ; Regs used in _DHT11_read_byte: [wreg+status,2+status,0+btemp+1]
  1343                           
  1344                           
  1345                           ;DHT11.c: 32:    int8_t i;;DHT11.c: 33:    int8_t data = 0;
  1346     016D  01F5               	clrf	DHT11_read_byte@data
  1347                           
  1348                           ;DHT11.c: 34:    for(i=0; i<8; i++){
  1349     016E  01F4               	clrf	DHT11_read_byte@i
  1350     016F                     l168:
  1351     016F  1283               	bcf	3,5	;RP0=0, select bank0
  1352     0170  1303               	bcf	3,6	;RP1=0, select bank0
  1353     0171  1C08               	btfss	8,0	;volatile
  1354     0172  2974               	goto	u381
  1355     0173  2975               	goto	u380
  1356     0174                     u381:
  1357     0174  296F               	goto	l168
  1358     0175                     u380:
  1359     0175                     l1158:
  1360                           
  1361                           ;DHT11.c: 36:     _delay((unsigned long)((30)*(8000000/4000000.0)));
  1362     0175  3013               	movlw	19
  1363     0176  00F3               	movwf	??_DHT11_read_byte
  1364     0177                     u647:
  1365     0177  0BF3               	decfsz	??_DHT11_read_byte,f
  1366     0178  2977               	goto	u647
  1367     0179  297A               	nop2
  1368     017A                     l1160:
  1369                           
  1370                           ;DHT11.c: 37:     if(RD0 == 1){
  1371     017A  1283               	bcf	3,5	;RP0=0, select bank0
  1372     017B  1303               	bcf	3,6	;RP1=0, select bank0
  1373     017C  1C08               	btfss	8,0	;volatile
  1374     017D  297F               	goto	u391
  1375     017E  2980               	goto	u390
  1376     017F                     u391:
  1377     017F  2983               	goto	l1164
  1378     0180                     u390:
  1379     0180                     l1162:
  1380                           
  1381                           ;DHT11.c: 38:         data = (data<<1 | 1);
  1382     0180  1403               	setc
  1383     0181  0DF5               	rlf	DHT11_read_byte@data,f
  1384                           
  1385                           ;DHT11.c: 39:     }
  1386     0182  2987               	goto	l173
  1387     0183                     l1164:
  1388                           
  1389                           ;DHT11.c: 41:         data = (data<<1);
  1390     0183  0875               	movf	DHT11_read_byte@data,w
  1391     0184  00F3               	movwf	??_DHT11_read_byte
  1392     0185  0773               	addwf	??_DHT11_read_byte,w
  1393     0186  00F5               	movwf	DHT11_read_byte@data
  1394     0187                     l173:
  1395     0187  1808               	btfsc	8,0	;volatile
  1396     0188  298A               	goto	u401
  1397     0189  298B               	goto	u400
  1398     018A                     u401:
  1399     018A  2987               	goto	l173
  1400     018B                     u400:
  1401     018B                     l1166:
  1402                           
  1403                           ;DHT11.c: 44:    }
  1404     018B  3001               	movlw	1
  1405     018C  00FF               	movwf	btemp+1
  1406     018D  087F               	movf	btemp+1,w
  1407     018E  07F4               	addwf	DHT11_read_byte@i,f
  1408     018F                     l1168:
  1409     018F  0874               	movf	DHT11_read_byte@i,w
  1410     0190  3A80               	xorlw	128
  1411     0191  3E78               	addlw	-136
  1412     0192  1C03               	skipc
  1413     0193  2995               	goto	u411
  1414     0194  2996               	goto	u410
  1415     0195                     u411:
  1416     0195  296F               	goto	l168
  1417     0196                     u410:
  1418     0196                     l1170:
  1419                           
  1420                           ;DHT11.c: 45:    return data;
  1421     0196  0875               	movf	DHT11_read_byte@data,w
  1422     0197                     l176:
  1423     0197  0008               	return
  1424     0198                     __end_of_DHT11_read_byte:
  1425                           
  1426                           	psect	text7
  1427     0110                     __ptext7:	
  1428 ;; *************** function _isr *****************
  1429 ;; Defined at:
  1430 ;;		line 60 in file "slave_DHT11.c"
  1431 ;; Parameters:    Size  Location     Type
  1432 ;;		None
  1433 ;; Auto vars:     Size  Location     Type
  1434 ;;		None
  1435 ;; Return value:  Size  Location     Type
  1436 ;;                  1    wreg      void 
  1437 ;; Registers used:
  1438 ;;		wreg
  1439 ;; Tracked objects:
  1440 ;;		On entry : 0/0
  1441 ;;		On exit  : 0/0
  1442 ;;		Unchanged: 0/0
  1443 ;; Data sizes:     COMMON   BANK0   BANK1   BANK3   BANK2
  1444 ;;      Params:         0       0       0       0       0
  1445 ;;      Locals:         0       0       0       0       0
  1446 ;;      Temps:          3       0       0       0       0
  1447 ;;      Totals:         3       0       0       0       0
  1448 ;;Total ram usage:        3 bytes
  1449 ;; Hardware stack levels used: 1
  1450 ;; This function calls:
  1451 ;;		Nothing
  1452 ;; This function is called by:
  1453 ;;		Interrupt level 1
  1454 ;; This function uses a non-reentrant model
  1455 ;;
  1456                           
  1457     0110                     _isr:	
  1458                           ;psect for function _isr
  1459                           
  1460     0110                     i1l1214:
  1461                           
  1462                           ;slave_DHT11.c: 61: 
  1463     0110  1283               	bcf	3,5	;RP0=0, select bank0
  1464     0111  1303               	bcf	3,6	;RP1=0, select bank0
  1465     0112  1D8C               	btfss	12,3	;volatile
  1466     0113  2915               	goto	u45_21
  1467     0114  2916               	goto	u45_20
  1468     0115                     u45_21:
  1469     0115  2966               	goto	i1l66
  1470     0116                     u45_20:
  1471     0116                     i1l1216:
  1472                           
  1473                           ;slave_DHT11.c: 63: int main(void) {
  1474     0116  1214               	bcf	20,4	;volatile
  1475                           
  1476                           ;slave_DHT11.c: 65:     DHT11_start();
  1477     0117  1B14               	btfsc	20,6	;volatile
  1478     0118  291A               	goto	u46_21
  1479     0119  291B               	goto	u46_20
  1480     011A                     u46_21:
  1481     011A  291F               	goto	i1l1220
  1482     011B                     u46_20:
  1483     011B                     i1l1218:
  1484     011B  1F94               	btfss	20,7	;volatile
  1485     011C  291E               	goto	u47_21
  1486     011D  291F               	goto	u47_20
  1487     011E                     u47_21:
  1488     011E  2924               	goto	i1l1228
  1489     011F                     u47_20:
  1490     011F                     i1l1220:
  1491                           
  1492                           ;slave_DHT11.c: 66:     _delay((unsigned long)((20)*(8000000/4000.0)));
  1493     011F  0813               	movf	19,w	;volatile
  1494     0120  00A6               	movwf	_discard
  1495     0121                     i1l1222:
  1496                           
  1497                           ;slave_DHT11.c: 67:     DHT11_start();
  1498     0121  1314               	bcf	20,6	;volatile
  1499     0122                     i1l1224:
  1500                           
  1501                           ;slave_DHT11.c: 68:     _delay((unsigned long)((20)*(8000000/4000.0)));
  1502     0122  1394               	bcf	20,7	;volatile
  1503     0123                     i1l1226:
  1504                           
  1505                           ;slave_DHT11.c: 69:     while(1){
  1506     0123  1614               	bsf	20,4	;volatile
  1507     0124                     i1l1228:
  1508                           
  1509                           ;slave_DHT11.c: 72: 
  1510     0124  1683               	bsf	3,5	;RP0=1, select bank1
  1511     0125  1303               	bcf	3,6	;RP1=0, select bank1
  1512     0126  1A94               	btfsc	20,5	;volatile
  1513     0127  2929               	goto	u48_21
  1514     0128  292A               	goto	u48_20
  1515     0129                     u48_21:
  1516     0129  2944               	goto	i1l57
  1517     012A                     u48_20:
  1518     012A                     i1l1230:
  1519     012A  1914               	btfsc	20,2	;volatile
  1520     012B  292D               	goto	u49_21
  1521     012C  292E               	goto	u49_20
  1522     012D                     u49_21:
  1523     012D  2944               	goto	i1l57
  1524     012E                     u49_20:
  1525     012E                     i1l1232:
  1526                           
  1527                           ;slave_DHT11.c: 74:             data_ok = DHT11_read_data(&humedad, &temperatura);
  1528     012E  1283               	bcf	3,5	;RP0=0, select bank0
  1529     012F  1303               	bcf	3,6	;RP1=0, select bank0
  1530     0130  0813               	movf	19,w	;volatile
  1531     0131  00A6               	movwf	_discard
  1532     0132                     i1l1234:
  1533                           
  1534                           ;slave_DHT11.c: 76:         }
  1535     0132  118C               	bcf	12,3	;volatile
  1536     0133                     i1l1236:
  1537                           
  1538                           ;slave_DHT11.c: 77: 
  1539     0133  1614               	bsf	20,4	;volatile
  1540     0134                     i1l58:	
  1541                           ;slave_DHT11.c: 78: 
  1542                           
  1543     0134  1683               	bsf	3,5	;RP0=1, select bank1
  1544     0135  1303               	bcf	3,6	;RP1=0, select bank1
  1545     0136  1C14               	btfss	20,0	;volatile
  1546     0137  2939               	goto	u50_21
  1547     0138  293A               	goto	u50_20
  1548     0139                     u50_21:
  1549     0139  2934               	goto	i1l58
  1550     013A                     u50_20:
  1551     013A                     i1l1238:
  1552                           
  1553                           ;slave_DHT11.c: 79:         switch(request){
  1554     013A  1283               	bcf	3,5	;RP0=0, select bank0
  1555     013B  1303               	bcf	3,6	;RP1=0, select bank0
  1556     013C  0813               	movf	19,w	;volatile
  1557     013D  00F7               	movwf	_request
  1558                           
  1559                           ;slave_DHT11.c: 80:             case 'T':
  1560     013E  30A6               	movlw	166
  1561     013F  00F0               	movwf	??_isr
  1562     0140                     u65_27:
  1563     0140  0BF0               	decfsz	??_isr,f
  1564     0141  2940               	goto	u65_27
  1565     0142  0000               	nop
  1566                           
  1567                           ;slave_DHT11.c: 81:                 send_data = (temperatura & 0xFF00)>>8;
  1568     0143  2963               	goto	i1l61
  1569     0144                     i1l57:	
  1570                           ;slave_DHT11.c: 82:                 break;
  1571                           
  1572     0144  1A94               	btfsc	20,5	;volatile
  1573     0145  2947               	goto	u51_21
  1574     0146  2948               	goto	u51_20
  1575     0147                     u51_21:
  1576     0147  2963               	goto	i1l61
  1577     0148                     u51_20:
  1578     0148                     i1l1240:
  1579     0148  1D14               	btfss	20,2	;volatile
  1580     0149  294B               	goto	u52_21
  1581     014A  294C               	goto	u52_20
  1582     014B                     u52_21:
  1583     014B  2963               	goto	i1l61
  1584     014C                     u52_20:
  1585     014C                     i1l1242:
  1586                           
  1587                           ;slave_DHT11.c: 83:             case 't':
  1588     014C  1283               	bcf	3,5	;RP0=0, select bank0
  1589     014D  1303               	bcf	3,6	;RP1=0, select bank0
  1590     014E  0813               	movf	19,w	;volatile
  1591     014F  00A6               	movwf	_discard
  1592     0150                     i1l1244:
  1593                           
  1594                           ;slave_DHT11.c: 84:                 send_data = (temperatura & 0x00FF);
  1595     0150  1683               	bsf	3,5	;RP0=1, select bank1
  1596     0151  1303               	bcf	3,6	;RP1=0, select bank1
  1597     0152  1014               	bcf	20,0	;volatile
  1598                           
  1599                           ;slave_DHT11.c: 85:                 break;
  1600     0153  0878               	movf	_send_data,w
  1601     0154  1283               	bcf	3,5	;RP0=0, select bank0
  1602     0155  1303               	bcf	3,6	;RP1=0, select bank0
  1603     0156  0093               	movwf	19	;volatile
  1604     0157                     i1l1246:
  1605                           
  1606                           ;slave_DHT11.c: 86:             case 'H':
  1607     0157  1614               	bsf	20,4	;volatile
  1608                           
  1609                           ;slave_DHT11.c: 87:                 send_data = (humedad & 0xFF00)>>8;
  1610     0158  30A6               	movlw	166
  1611     0159  00F0               	movwf	??_isr
  1612     015A                     u66_27:
  1613     015A  0BF0               	decfsz	??_isr,f
  1614     015B  295A               	goto	u66_27
  1615     015C  0000               	nop
  1616     015D                     i1l63:	
  1617                           ;slave_DHT11.c: 88:                 break;
  1618                           
  1619     015D  1683               	bsf	3,5	;RP0=1, select bank1
  1620     015E  1303               	bcf	3,6	;RP1=0, select bank1
  1621     015F  1814               	btfsc	20,0	;volatile
  1622     0160  2962               	goto	u53_21
  1623     0161  2963               	goto	u53_20
  1624     0162                     u53_21:
  1625     0162  295D               	goto	i1l63
  1626     0163                     u53_20:
  1627     0163                     i1l61:
  1628                           
  1629                           ;slave_DHT11.c: 91:                 break;
  1630     0163  1283               	bcf	3,5	;RP0=0, select bank0
  1631     0164  1303               	bcf	3,6	;RP1=0, select bank0
  1632     0165  118C               	bcf	12,3	;volatile
  1633     0166                     i1l66:
  1634     0166  0872               	movf	??_isr+2,w
  1635     0167  008A               	movwf	10
  1636     0168  0E71               	swapf	??_isr+1,w
  1637     0169  0083               	movwf	3
  1638     016A  0EFE               	swapf	btemp,f
  1639     016B  0E7E               	swapf	btemp,w
  1640     016C  0009               	retfie
  1641     016D                     __end_of_isr:
  1642     007E                     btemp	set	126	;btemp
  1643     007E                     wtemp0	set	126
  1644                           
  1645                           	psect	intentry
  1646     0004                     __pintentry:	
  1647                           ;incstack = 0
  1648                           ; Regs used in _isr: [wreg]
  1649                           
  1650     0004                     interrupt_function:
  1651     007E                     saved_w	set	btemp
  1652     0004  00FE               	movwf	btemp
  1653     0005  0E03               	swapf	3,w
  1654     0006  00F1               	movwf	??_isr+1
  1655     0007  080A               	movf	10,w
  1656     0008  00F2               	movwf	??_isr+2
  1657     0009  120A  118A  2910   	ljmp	_isr
  1658                           
  1659                           	psect	config
  1660                           
  1661                           ;Config register CONFIG1 @ 0x2007
  1662                           ;	Oscillator Selection bits
  1663                           ;	FOSC = INTRC_NOCLKOUT, INTOSCIO oscillator: I/O function on RA6/OSC2/CLKOUT pin, I/O f
      +                          unction on RA7/OSC1/CLKIN
  1664                           ;	Watchdog Timer Enable bit
  1665                           ;	WDTE = OFF, WDT disabled and can be enabled by SWDTEN bit of the WDTCON register
  1666                           ;	Power-up Timer Enable bit
  1667                           ;	PWRTE = OFF, PWRT disabled
  1668                           ;	RE3/MCLR pin function select bit
  1669                           ;	MCLRE = OFF, RE3/MCLR pin function is digital input, MCLR internally tied to VDD
  1670                           ;	Code Protection bit
  1671                           ;	CP = OFF, Program memory code protection is disabled
  1672                           ;	Data Code Protection bit
  1673                           ;	CPD = OFF, Data memory code protection is disabled
  1674                           ;	Brown Out Reset Selection bits
  1675                           ;	BOREN = OFF, BOR disabled
  1676                           ;	Internal External Switchover bit
  1677                           ;	IESO = OFF, Internal/External Switchover mode is disabled
  1678                           ;	Fail-Safe Clock Monitor Enabled bit
  1679                           ;	FCMEN = OFF, Fail-Safe Clock Monitor is disabled
  1680                           ;	Low Voltage Programming Enable bit
  1681                           ;	LVP = OFF, RB3 pin has digital I/O, HV on MCLR must be used for programming
  1682                           ;	In-Circuit Debugger Mode bit
  1683                           ;	DEBUG = 0x1, unprogrammed default
  1684     2007                     	org	8199
  1685     2007  20D4               	dw	8404
  1686                           
  1687                           ;Config register CONFIG2 @ 0x2008
  1688                           ;	Brown-out Reset Selection bit
  1689                           ;	BOR4V = BOR40V, Brown-out Reset set to 4.0V
  1690                           ;	Flash Program Memory Self Write Enable bits
  1691                           ;	WRT = OFF, Write protection off
  1692     2008                     	org	8200
  1693     2008  3FFF               	dw	16383

Data Sizes:
    Strings     0
    Constant    0
    Data        1
    BSS         13
    Persistent  0
    Stack       0

Auto Spaces:
    Space          Size  Autos    Used
    COMMON           14      7      10
    BANK0            80      8      19
    BANK1            80      0       0
    BANK3            96      0       0
    BANK2            96      0       0

Pointer List with Targets:

    DHT11_read_data@temp	PTR int  size(1) Largest target is 2
		 -> temperatura(BANK0[2]), 

    DHT11_read_data@hum	PTR int  size(1) Largest target is 2
		 -> humedad(BANK0[2]), 


Critical Paths under _main in COMMON

    _main->_DHT11_read_data
    _setup->_I2C_Slave_Init
    _DHT11_read_data->_DHT11_read_byte

Critical Paths under _isr in COMMON

    None.

Critical Paths under _main in BANK0

    _main->_DHT11_read_data

Critical Paths under _isr in BANK0

    None.

Critical Paths under _main in BANK1

    None.

Critical Paths under _isr in BANK1

    None.

Critical Paths under _main in BANK3

    None.

Critical Paths under _isr in BANK3

    None.

Critical Paths under _main in BANK2

    None.

Critical Paths under _isr in BANK2

    None.

Call Graph Tables:

 ---------------------------------------------------------------------------------
 (Depth) Function   	        Calls       Base Space   Used Autos Params    Refs
 ---------------------------------------------------------------------------------
 (0) _main                                                 2     2      0     362
                                              6 BANK0      2     2      0
                    _DHT11_read_data
                        _DHT11_start
                              _setup
 ---------------------------------------------------------------------------------
 (1) _setup                                                0     0      0      22
                     _I2C_Slave_Init
 ---------------------------------------------------------------------------------
 (2) _I2C_Slave_Init                                       1     1      0      22
                                              3 COMMON     1     1      0
 ---------------------------------------------------------------------------------
 (1) _DHT11_read_data                                      7     6      1     340
                                              6 COMMON     1     0      1
                                              0 BANK0      6     6      0
                    _DHT11_read_byte
                     _DHT11_response
                        _DHT11_start
 ---------------------------------------------------------------------------------
 (1) _DHT11_start                                          2     2      0       0
                                              3 COMMON     2     2      0
 ---------------------------------------------------------------------------------
 (2) _DHT11_response                                       0     0      0       0
 ---------------------------------------------------------------------------------
 (2) _DHT11_read_byte                                      3     3      0     115
                                              3 COMMON     3     3      0
 ---------------------------------------------------------------------------------
 Estimated maximum stack depth 2
 ---------------------------------------------------------------------------------
 (Depth) Function   	        Calls       Base Space   Used Autos Params    Refs
 ---------------------------------------------------------------------------------
 (3) _isr                                                  3     3      0       0
                                              0 COMMON     3     3      0
 ---------------------------------------------------------------------------------
 Estimated maximum stack depth 3
 ---------------------------------------------------------------------------------

 Call Graph Graphs:

 _main (ROOT)
   _DHT11_read_data
     _DHT11_read_byte
     _DHT11_response
     _DHT11_start
   _DHT11_start
   _setup
     _I2C_Slave_Init

 _isr (ROOT)

 Address spaces:
Name               Size   Autos  Total    Cost      Usage
BANK3               60      0       0       9        0.0%
BITBANK3            60      0       0       8        0.0%
SFR3                 0      0       0       4        0.0%
BITSFR3              0      0       0       4        0.0%
BANK2               60      0       0      11        0.0%
BITBANK2            60      0       0      10        0.0%
SFR2                 0      0       0       5        0.0%
BITSFR2              0      0       0       5        0.0%
BANK1               50      0       0       7        0.0%
BITBANK1            50      0       0       6        0.0%
SFR1                 0      0       0       2        0.0%
BITSFR1              0      0       0       2        0.0%
BANK0               50      8      13       5       23.8%
BITBANK0            50      0       0       4        0.0%
SFR0                 0      0       0       1        0.0%
BITSFR0              0      0       0       1        0.0%
COMMON               E      7       A       1       71.4%
BITCOMMON            E      0       0       0        0.0%
CODE                 0      0       0       0        0.0%
DATA                 0      0      1D      12        0.0%
ABS                  0      0      1D       3        0.0%
NULL                 0      0       0       0        0.0%
STACK                0      0       0       2        0.0%
EEDATA             100      0       0       0        0.0%


Microchip Technology PIC Macro Assembler V2.41 build 20230208172133 
Symbol Table                                                                                   Tue Aug 22 16:28:00 2023

                     _BF 04A0                       l71 00C3                       l85 01DC  
                    l151 01B2                      l160 01E7                      l154 01DD  
                    l163 01EB                      l180 009F                      l236 01CC  
                    l173 0187                      l157 01E3                      l176 0197  
                    l168 016F                      _CKP 00A4                      _GIE 005F  
                    _RD0 0040                      _RD3 0043                      _RD4 0044  
                    _RD5 0045                      _RD6 0046                      _RD7 0047  
                    u400 018B                      u401 018A                      u410 0196  
                    u411 0195                      u350 01E3                      u351 01E2  
                    u360 01E7                      u361 01E6                      u370 01EB  
                    u371 01EA                      u380 0175                      u381 0174  
                    u390 0180                      u550 006A                      u391 017F  
                    u551 0069                      u607 00BF                      u617 0107  
                    u627 01A2                      u564 0077                      u580 00C9  
                    u637 01AF                      u581 00C8                      _SCS 0478  
                    u574 0090                      u647 0177                      u597 00B0  
                    _isr 0110                      fsr0 0004                      indf 0000  
                   l1130 019E                     l1132 01A7                     l1140 01C3  
                   l1150 01DD                     l1134 01AA                     l1142 01C4  
                   l1160 017A                     l1152 016D                     l1128 0198  
                   l1320 003B                     l1312 0029                     l1144 01C5  
                   l1136 01B4                     l1170 0196                     l1162 0180  
                   l1330 0064                     l1322 0043                     l1314 0029  
                   l1146 01C6                     l1138 01C2                     l1164 0183  
                   l1332 006A                     l1340 009E                     l1324 004B  
                   l1316 002E                     l1148 01C9                     l1180 01D6  
                   l1166 018B                     l1158 0175                     l1334 009C  
                   l1326 0053                     l1318 0033                     l1174 01CD  
                   l1350 00C9                     l1168 018F                     l1328 005B  
                   l1176 01D1                     l1408 00EF                     l1360 00DF  
                   l1352 00D4                     l1344 00A0                     l1178 01D5  
                   l1370 0101                     l1362 00E2                     l1354 00D6  
                   l1346 00AA                     l1356 00D9                     l1348 00B4  
                   l1358 00DC                     l1366 00E5                     l1368 00FD  
                   ?_isr 0070                     _PEIE 005E                     i1l61 0163  
                   i1l63 015D                     i1l57 0144                     i1l58 0134  
                   i1l66 0166                     _WCOL 00A7                     _D_nA 04A5  
                   _R_nW 04A2                     _bits 0020                     _main 00A0  
                   btemp 007E                     start 000C                    ??_isr 0070  
                  ?_main 0070                    _ANSEL 0188                    u50_20 013A  
                  u50_21 0139                    u51_20 0148                    u51_21 0147  
                  u52_20 014C                    u52_21 014B                    u53_20 0163  
                  u45_20 0116                    u53_21 0162                    u45_21 0115  
                  u46_20 011B                    u46_21 011A                    u47_20 011F  
                  u47_21 011E                    u48_20 012A                    u48_21 0129  
                  u49_20 012E                    u49_21 012D                    u65_27 0140  
                  _SSPIE 0463                    _SSPIF 0063                    u66_27 015A  
                  _SSPOV 00A6                    _setup 01CD                    pclath 000A  
                  status 0003                    wtemp0 007E          __initialization 000F  
           __end_of_main 0110         ??_DHT11_response 0073                   ??_main 0031  
                 ?_setup 0070                   _ANSELH 0189                   i1l1220 011F  
                 i1l1230 012A                   i1l1222 0121                   i1l1214 0110  
                 i1l1240 0148                   i1l1232 012E                   i1l1224 0122  
                 i1l1216 0116                   i1l1242 014C                   i1l1234 0132  
                 i1l1226 0123                   i1l1218 011B                   i1l1244 0150  
                 i1l1236 0133                   i1l1228 0124                   i1l1246 0157  
                 i1l1238 013A                   _SSPADD 0093                   _TRISD0 0440  
                 _TRISC3 043B                   _TRISC4 043C                   _SSPBUF 0013  
                 _SSPCON 0014         DHT11_read_byte@i 0074             __pdataCOMMON 0079  
                 saved_w 007E  __end_of__initialization 0022        ??_DHT11_read_data 002B  
      ??_DHT11_read_byte 0073           __pcstackCOMMON 0070            __end_of_setup 01DD  
                ??_setup 0074    I2C_Slave_Init@address 0073               __pbssBANK0 0020  
             __pmaintext 00A0               __pintentry 0004                  _SSPCON2 0091  
                _SSPSTAT 0094            ??_DHT11_start 0073                  _data_ok 0025  
                __ptext1 01CD                  __ptext2 01B3                  __ptext3 0026  
                __ptext4 0198                  __ptext5 01DD                  __ptext6 016D  
                __ptext7 0110                  _discard 0026                  _counter 0079  
                _humedad 0029                  _request 0077     end_of_initialization 0022  
         _I2C_Slave_Init 01B3      __end_of_DHT11_start 01B3                _PORTDbits 0008  
              _TRISCbits 0087    DHT11_read_data@parity 0030          _DHT11_read_data 0026  
        _DHT11_read_byte 016D   __end_of_I2C_Slave_Init 01CD            __pidataCOMMON 01EC  
    start_initialization 000F              __end_of_isr 016D          ?_I2C_Slave_Init 0070  
            _DHT11_start 0198  __end_of_DHT11_read_data 00A0      DHT11_read_data@temp 0076  
            __pbssCOMMON 0077  __end_of_DHT11_read_byte 0198                ___latbits 0002  
          __pcstackBANK0 002B      DHT11_read_byte@data 0075        interrupt_function 0004  
              _send_data 0078         ?_DHT11_read_data 0076         ?_DHT11_read_byte 0070  
         _DHT11_response 01DD       DHT11_read_data@hum 002F   __end_of_DHT11_response 01EC  
       ??_I2C_Slave_Init 0073             ?_DHT11_start 0070          ?_DHT11_response 0070  
               intlevel1 0000               _OSCCONbits 008F              _temperatura 0027  
            _SSPCON2bits 0091  
